SF:/home/lokis/Documents/AI-Native-Kernel/crates/agent-scheduler/src/block.rs
FN:119,_RNvNtNtCs4ATkuxJMDK0_15agent_scheduler5block5testss_30test_agent_control_block_clone
FN:132,_RNvNtNtCs4ATkuxJMDK0_15agent_scheduler5block5testss_30test_agent_control_block_debug
FN:64,_RNvNtNtCs4ATkuxJMDK0_15agent_scheduler5block5testss_33test_agent_control_block_creation
FN:101,_RNvNtNtCs4ATkuxJMDK0_15agent_scheduler5block5testss_34test_agent_state_enum_all_variants
FN:76,_RNvNtNtCs4ATkuxJMDK0_15agent_scheduler5block5testss_42test_agent_control_block_with_custom_state
FN:45,_RNvMNtCs4ATkuxJMDK0_15agent_scheduler5blockNtB2_17AgentControlBlock3new
FN:45,_RNvMNtCsljdnD5lSkbI_15agent_scheduler5blockNtB2_17AgentControlBlock3new
FNDA:1,_RNvNtNtCs4ATkuxJMDK0_15agent_scheduler5block5testss_30test_agent_control_block_clone
FNDA:1,_RNvNtNtCs4ATkuxJMDK0_15agent_scheduler5block5testss_30test_agent_control_block_debug
FNDA:1,_RNvNtNtCs4ATkuxJMDK0_15agent_scheduler5block5testss_33test_agent_control_block_creation
FNDA:1,_RNvNtNtCs4ATkuxJMDK0_15agent_scheduler5block5testss_34test_agent_state_enum_all_variants
FNDA:1,_RNvNtNtCs4ATkuxJMDK0_15agent_scheduler5block5testss_42test_agent_control_block_with_custom_state
FNDA:31,_RNvMNtCs4ATkuxJMDK0_15agent_scheduler5blockNtB2_17AgentControlBlock3new
FNDA:3136,_RNvMNtCsljdnD5lSkbI_15agent_scheduler5blockNtB2_17AgentControlBlock3new
FNF:6
FNH:6
DA:45,3167
DA:46,3167
DA:47,3167
DA:48,3167
DA:49,3167
DA:50,3167
DA:51,3167
DA:52,3167
DA:53,3167
DA:54,3167
DA:55,3167
DA:64,1
DA:65,1
DA:66,1
DA:67,1
DA:68,1
DA:69,1
DA:70,1
DA:71,1
DA:72,1
DA:73,1
DA:76,1
DA:77,1
DA:78,1
DA:79,1
DA:80,1
DA:81,1
DA:83,1
DA:84,1
DA:85,1
DA:86,1
DA:88,1
DA:89,1
DA:91,1
DA:92,1
DA:93,1
DA:94,1
DA:95,1
DA:96,1
DA:97,1
DA:98,1
DA:101,1
DA:102,1
DA:103,1
DA:104,1
DA:105,1
DA:106,1
DA:107,1
DA:108,1
DA:109,1
DA:111,6
DA:112,6
DA:113,6
DA:114,6
DA:116,1
DA:119,1
DA:120,1
DA:121,1
DA:123,1
DA:124,1
DA:125,1
DA:126,1
DA:127,1
DA:128,1
DA:129,1
DA:132,1
DA:133,1
DA:134,1
DA:135,1
DA:136,1
DA:137,1
BRF:0
BRH:0
LF:71
LH:71
end_of_record
SF:/home/lokis/Documents/AI-Native-Kernel/crates/agent-scheduler/src/priority.rs
FN:28,_RNvMNtCs4ATkuxJMDK0_15agent_scheduler8priorityNtB2_13PriorityAgent3new
FN:81,_RNvMs1_NtCs4ATkuxJMDK0_15agent_scheduler8priorityNtB5_13PriorityQueue3len
FN:59,_RNvMs1_NtCs4ATkuxJMDK0_15agent_scheduler8priorityNtB5_13PriorityQueue3new
FN:69,_RNvMs1_NtCs4ATkuxJMDK0_15agent_scheduler8priorityNtB5_13PriorityQueue3pop
FN:64,_RNvMs1_NtCs4ATkuxJMDK0_15agent_scheduler8priorityNtB5_13PriorityQueue4push
FN:75,_RNvMs1_NtCs4ATkuxJMDK0_15agent_scheduler8priorityNtB5_13PriorityQueue8is_empty
FN:44,_RNvXs0_NtCs4ATkuxJMDK0_15agent_scheduler8priorityNtB5_13PriorityAgentNtNtCs13ARFDxRLcQ_4core3cmp10PartialOrd11partial_cmp
FN:36,_RNvXs_NtCs4ATkuxJMDK0_15agent_scheduler8priorityNtB4_13PriorityAgentNtNtCs13ARFDxRLcQ_4core3cmp3Ord3cmp
FN:98,_RNvNtNtCs4ATkuxJMDK0_15agent_scheduler8priority5testss_22test_priority_ordering
FN:182,_RNvNtNtCs4ATkuxJMDK0_15agent_scheduler8priority5testss_23test_priority_enum_hash
FN:211,_RNvNtNtCs4ATkuxJMDK0_15agent_scheduler8priority5testss_25test_priority_agent_debug
FN:198,_RNvNtNtCs4ATkuxJMDK0_15agent_scheduler8priority5testss_25test_priority_queue_clear
FN:91,_RNvNtNtCs4ATkuxJMDK0_15agent_scheduler8priority5testss_28test_priority_agent_creation
FN:155,_RNvNtNtCs4ATkuxJMDK0_15agent_scheduler8priority5testss_33test_priority_enum_derived_traits
FN:131,_RNvNtNtCs4ATkuxJMDK0_15agent_scheduler8priority5testss_36test_priority_queue_basic_operations
FN:118,_RNvNtNtCs4ATkuxJMDK0_15agent_scheduler8priority5testss_38test_priority_agent_with_same_priority
FN:39,_RNCNvXs_NtCs4ATkuxJMDK0_15agent_scheduler8priorityNtB6_13PriorityAgentNtNtCs13ARFDxRLcQ_4core3cmp3Ord3cmp0B8_
FN:28,_RNvMNtCsljdnD5lSkbI_15agent_scheduler8priorityNtB2_13PriorityAgent3new
FN:81,_RNvMs1_NtCsljdnD5lSkbI_15agent_scheduler8priorityNtB5_13PriorityQueue3len
FN:59,_RNvMs1_NtCsljdnD5lSkbI_15agent_scheduler8priorityNtB5_13PriorityQueue3new
FN:69,_RNvMs1_NtCsljdnD5lSkbI_15agent_scheduler8priorityNtB5_13PriorityQueue3pop
FN:64,_RNvMs1_NtCsljdnD5lSkbI_15agent_scheduler8priorityNtB5_13PriorityQueue4push
FN:75,_RNvMs1_NtCsljdnD5lSkbI_15agent_scheduler8priorityNtB5_13PriorityQueue8is_empty
FN:44,_RNvXs0_NtCsljdnD5lSkbI_15agent_scheduler8priorityNtB5_13PriorityAgentNtNtCs13ARFDxRLcQ_4core3cmp10PartialOrd11partial_cmp
FN:36,_RNvXs_NtCsljdnD5lSkbI_15agent_scheduler8priorityNtB4_13PriorityAgentNtNtCs13ARFDxRLcQ_4core3cmp3Ord3cmp
FN:39,_RNCNvXs_NtCsljdnD5lSkbI_15agent_scheduler8priorityNtB6_13PriorityAgentNtNtCs13ARFDxRLcQ_4core3cmp3Ord3cmp0B8_
FNDA:13,_RNvMNtCs4ATkuxJMDK0_15agent_scheduler8priorityNtB2_13PriorityAgent3new
FNDA:5,_RNvMs1_NtCs4ATkuxJMDK0_15agent_scheduler8priorityNtB5_13PriorityQueue3len
FNDA:16,_RNvMs1_NtCs4ATkuxJMDK0_15agent_scheduler8priorityNtB5_13PriorityQueue3new
FNDA:3,_RNvMs1_NtCs4ATkuxJMDK0_15agent_scheduler8priorityNtB5_13PriorityQueue3pop
FNDA:5,_RNvMs1_NtCs4ATkuxJMDK0_15agent_scheduler8priorityNtB5_13PriorityQueue4push
FNDA:4,_RNvMs1_NtCs4ATkuxJMDK0_15agent_scheduler8priorityNtB5_13PriorityQueue8is_empty
FNDA:12,_RNvXs0_NtCs4ATkuxJMDK0_15agent_scheduler8priorityNtB5_13PriorityAgentNtNtCs13ARFDxRLcQ_4core3cmp10PartialOrd11partial_cmp
FNDA:12,_RNvXs_NtCs4ATkuxJMDK0_15agent_scheduler8priorityNtB4_13PriorityAgentNtNtCs13ARFDxRLcQ_4core3cmp3Ord3cmp
FNDA:1,_RNvNtNtCs4ATkuxJMDK0_15agent_scheduler8priority5testss_22test_priority_ordering
FNDA:1,_RNvNtNtCs4ATkuxJMDK0_15agent_scheduler8priority5testss_23test_priority_enum_hash
FNDA:1,_RNvNtNtCs4ATkuxJMDK0_15agent_scheduler8priority5testss_25test_priority_agent_debug
FNDA:1,_RNvNtNtCs4ATkuxJMDK0_15agent_scheduler8priority5testss_25test_priority_queue_clear
FNDA:1,_RNvNtNtCs4ATkuxJMDK0_15agent_scheduler8priority5testss_28test_priority_agent_creation
FNDA:1,_RNvNtNtCs4ATkuxJMDK0_15agent_scheduler8priority5testss_33test_priority_enum_derived_traits
FNDA:1,_RNvNtNtCs4ATkuxJMDK0_15agent_scheduler8priority5testss_36test_priority_queue_basic_operations
FNDA:1,_RNvNtNtCs4ATkuxJMDK0_15agent_scheduler8priority5testss_38test_priority_agent_with_same_priority
FNDA:1,_RNCNvXs_NtCs4ATkuxJMDK0_15agent_scheduler8priorityNtB6_13PriorityAgentNtNtCs13ARFDxRLcQ_4core3cmp3Ord3cmp0B8_
FNDA:0,_RNvMNtCsljdnD5lSkbI_15agent_scheduler8priorityNtB2_13PriorityAgent3new
FNDA:0,_RNvMs1_NtCsljdnD5lSkbI_15agent_scheduler8priorityNtB5_13PriorityQueue3len
FNDA:25,_RNvMs1_NtCsljdnD5lSkbI_15agent_scheduler8priorityNtB5_13PriorityQueue3new
FNDA:0,_RNvMs1_NtCsljdnD5lSkbI_15agent_scheduler8priorityNtB5_13PriorityQueue3pop
FNDA:0,_RNvMs1_NtCsljdnD5lSkbI_15agent_scheduler8priorityNtB5_13PriorityQueue4push
FNDA:0,_RNvMs1_NtCsljdnD5lSkbI_15agent_scheduler8priorityNtB5_13PriorityQueue8is_empty
FNDA:0,_RNvXs0_NtCsljdnD5lSkbI_15agent_scheduler8priorityNtB5_13PriorityAgentNtNtCs13ARFDxRLcQ_4core3cmp10PartialOrd11partial_cmp
FNDA:0,_RNvXs_NtCsljdnD5lSkbI_15agent_scheduler8priorityNtB4_13PriorityAgentNtNtCs13ARFDxRLcQ_4core3cmp3Ord3cmp
FNDA:0,_RNCNvXs_NtCsljdnD5lSkbI_15agent_scheduler8priorityNtB6_13PriorityAgentNtNtCs13ARFDxRLcQ_4core3cmp3Ord3cmp0B8_
FNF:17
FNH:17
DA:28,13
DA:29,13
DA:30,13
DA:36,12
DA:37,12
DA:38,12
DA:39,12
DA:40,12
DA:44,12
DA:45,12
DA:46,12
DA:59,41
DA:60,41
DA:61,41
DA:64,5
DA:65,5
DA:66,5
DA:69,3
DA:70,3
DA:71,3
DA:75,4
DA:76,4
DA:77,4
DA:81,5
DA:82,5
DA:83,5
DA:91,1
DA:92,1
DA:93,1
DA:94,1
DA:95,1
DA:98,1
DA:99,1
DA:100,1
DA:101,1
DA:102,1
DA:103,1
DA:106,1
DA:107,4
DA:108,4
DA:109,4
DA:111,1
DA:112,1
DA:113,1
DA:114,1
DA:115,1
DA:118,1
DA:119,1
DA:120,1
DA:122,1
DA:123,1
DA:124,1
DA:126,1
DA:127,1
DA:128,1
DA:131,1
DA:132,1
DA:134,1
DA:135,1
DA:137,1
DA:138,1
DA:139,1
DA:141,1
DA:142,1
DA:144,1
DA:145,1
DA:146,1
DA:148,1
DA:149,1
DA:150,1
DA:151,1
DA:152,1
DA:155,1
DA:156,1
DA:157,1
DA:158,1
DA:159,1
DA:160,1
DA:161,1
DA:163,4
DA:164,16
DA:165,16
DA:166,16
DA:167,16
DA:169,16
DA:170,10
DA:171,6
DA:172,16
DA:173,10
DA:174,6
DA:175,16
DA:176,16
DA:179,1
DA:182,1
DA:185,1
DA:186,1
DA:187,1
DA:188,1
DA:189,1
DA:191,1
DA:192,1
DA:193,1
DA:194,1
DA:195,1
DA:198,1
DA:199,1
DA:200,1
DA:201,1
DA:203,1
DA:205,1
DA:206,1
DA:207,1
DA:208,1
DA:211,1
DA:212,1
DA:213,1
DA:214,1
DA:215,1
DA:216,1
DA:217,1
BRF:0
BRH:0
LF:121
LH:121
end_of_record
SF:/home/lokis/Documents/AI-Native-Kernel/crates/agent-scheduler/src/scheduler.rs
FN:333,_RINvMNtCs4ATkuxJMDK0_15agent_scheduler9schedulerNtB3_14AgentScheduler13store_contextNtNtCs72dgD6uzVEf_5alloc6string6StringEB5_
FN:338,_RNCINvMNtCs4ATkuxJMDK0_15agent_scheduler9schedulerNtB5_14AgentScheduler13store_contextNtNtCs72dgD6uzVEf_5alloc6string6StringE0B7_
FN:324,_RNCNCNvMNtCs4ATkuxJMDK0_15agent_scheduler9schedulerNtB6_14AgentScheduler18get_running_agents00B8_
FN:235,_RNCNvMNtCs4ATkuxJMDK0_15agent_scheduler9schedulerNtB4_14AgentScheduler11pause_agent0B6_
FN:166,_RNCNvMNtCs4ATkuxJMDK0_15agent_scheduler9schedulerNtB4_14AgentScheduler11spawn_agent0B6_
FN:256,_RNCNvMNtCs4ATkuxJMDK0_15agent_scheduler9schedulerNtB4_14AgentScheduler12resume_agent0B6_
FN:201,_RNCNvMNtCs4ATkuxJMDK0_15agent_scheduler9schedulerNtB4_14AgentScheduler12route_intent0B6_
FN:190,_RNCNvMNtCs4ATkuxJMDK0_15agent_scheduler9schedulerNtB4_14AgentScheduler13submit_intent0B6_
FN:277,_RNCNvMNtCs4ATkuxJMDK0_15agent_scheduler9schedulerNtB4_14AgentScheduler15terminate_agent0B6_
FN:368,_RNCNvMNtCs4ATkuxJMDK0_15agent_scheduler9schedulerNtB4_14AgentScheduler16grant_capability0B6_
FN:155,_RNCNvMNtCs4ATkuxJMDK0_15agent_scheduler9schedulerNtB4_14AgentScheduler17allocate_agent_id0B6_
FN:320,_RNCNvMNtCs4ATkuxJMDK0_15agent_scheduler9schedulerNtB4_14AgentScheduler18get_running_agents0B6_
FN:311,_RNCNvMNtCs4ATkuxJMDK0_15agent_scheduler9schedulerNtB4_14AgentScheduler9get_agent0B6_
FN:511,_RNCNCNCNCNvMNtCs4ATkuxJMDK0_15agent_scheduler9schedulerNtBa_14AgentScheduler20start_scheduler_loop000s0_0Bc_
FN:468,_RNCNCNCNvMNtCs4ATkuxJMDK0_15agent_scheduler9schedulerNtB8_14AgentScheduler20start_scheduler_loop000Ba_
FN:295,_RNCNvMNtCs4ATkuxJMDK0_15agent_scheduler9schedulerNtB4_14AgentScheduler10fail_agent0B6_
FN:426,_RNCNvMNtCs4ATkuxJMDK0_15agent_scheduler9schedulerNtB4_14AgentScheduler13dequeue_agent0B6_
FN:409,_RNCNvMNtCs4ATkuxJMDK0_15agent_scheduler9schedulerNtB4_14AgentScheduler13enqueue_agent0B6_
FN:612,_RNCNvMNtCs4ATkuxJMDK0_15agent_scheduler9schedulerNtB4_14AgentScheduler13run_queue_len0B6_
FN:586,_RNCNvMNtCs4ATkuxJMDK0_15agent_scheduler9schedulerNtB4_14AgentScheduler18set_agent_priority0B6_
FN:553,_RNCNvMNtCs4ATkuxJMDK0_15agent_scheduler9schedulerNtB4_14AgentScheduler19execute_agent_slice0B6_
FN:538,_RNCNvMNtCs4ATkuxJMDK0_15agent_scheduler9schedulerNtB4_14AgentScheduler19stop_scheduler_loop0B6_
FN:618,_RNCNvMNtCs4ATkuxJMDK0_15agent_scheduler9schedulerNtB4_14AgentScheduler20is_scheduler_running0B6_
FN:455,_RNCNvMNtCs4ATkuxJMDK0_15agent_scheduler9schedulerNtB4_14AgentScheduler20start_scheduler_loop0B6_
FN:295,_RNvMNtCs4ATkuxJMDK0_15agent_scheduler9schedulerNtB2_14AgentScheduler10fail_agent
FN:134,_RNvMNtCs4ATkuxJMDK0_15agent_scheduler9schedulerNtB2_14AgentScheduler10supervisor
FN:426,_RNvMNtCs4ATkuxJMDK0_15agent_scheduler9schedulerNtB2_14AgentScheduler13dequeue_agent
FN:409,_RNvMNtCs4ATkuxJMDK0_15agent_scheduler9schedulerNtB2_14AgentScheduler13enqueue_agent
FN:612,_RNvMNtCs4ATkuxJMDK0_15agent_scheduler9schedulerNtB2_14AgentScheduler13run_queue_len
FN:582,_RNvMNtCs4ATkuxJMDK0_15agent_scheduler9schedulerNtB2_14AgentScheduler18set_agent_priority
FN:547,_RNvMNtCs4ATkuxJMDK0_15agent_scheduler9schedulerNtB2_14AgentScheduler19execute_agent_slice
FN:538,_RNvMNtCs4ATkuxJMDK0_15agent_scheduler9schedulerNtB2_14AgentScheduler19stop_scheduler_loop
FN:618,_RNvMNtCs4ATkuxJMDK0_15agent_scheduler9schedulerNtB2_14AgentScheduler20is_scheduler_running
FN:455,_RNvMNtCs4ATkuxJMDK0_15agent_scheduler9schedulerNtB2_14AgentScheduler20start_scheduler_loop
FN:139,_RNvMNtCs4ATkuxJMDK0_15agent_scheduler9schedulerNtB2_14AgentScheduler9subscribe
FN:635,_RNvNtNtCs4ATkuxJMDK0_15agent_scheduler9scheduler5tests9scheduler
FN:915,_RNvNtNtCs4ATkuxJMDK0_15agent_scheduler9scheduler5testss_29error_pause_nonexistent_agent
FN:708,_RNvNtNtCs4ATkuxJMDK0_15agent_scheduler9scheduler5testss_29route_command_can_spawn_agent
FN:887,_RNvNtNtCs4ATkuxJMDK0_15agent_scheduler9scheduler5testss_32error_pause_already_paused_agent
FN:922,_RNvNtNtCs4ATkuxJMDK0_15agent_scheduler9scheduler5testss_36error_duplicate_agent_id_is_rejected
FN:682,_RNvNtNtCs4ATkuxJMDK0_15agent_scheduler9scheduler5testss_36submit_intent_reaches_bus_subscriber
FN:903,_RNvNtNtCs4ATkuxJMDK0_15agent_scheduler9scheduler5testss_38error_resume_running_agent_is_rejected
FN:644,_RNvNtNtCs4ATkuxJMDK0_15agent_scheduler9scheduler5testss_38spawn_pause_resume_and_terminate_agent
FN:768,_RNvNtNtCs4ATkuxJMDK0_15agent_scheduler9scheduler5testss_39grant_capability_requires_allowed_token
FN:727,_RNvNtNtCs4ATkuxJMDK0_15agent_scheduler9scheduler5testss_39route_structured_intent_updates_context
FN:796,_RNvNtNtCs4ATkuxJMDK0_15agent_scheduler9scheduler5testss_40grant_capability_denies_unapproved_token
FN:863,_RNvNtNtCs4ATkuxJMDK0_15agent_scheduler9scheduler5testss_45property_terminate_removes_from_running_count
FN:834,_RNvNtNtCs4ATkuxJMDK0_15agent_scheduler9scheduler5testss_56property_running_plus_paused_never_exceeds_total_spawned
FN:815,_RNvNtNtCs4ATkuxJMDK0_15agent_scheduler9scheduler5testss_62grant_capability_rejects_mixed_allowed_and_denied_capabilities
FN:144,_RNvMNtCs4ATkuxJMDK0_15agent_scheduler9schedulerNtB2_14AgentScheduler10intent_bus
FN:235,_RNvMNtCs4ATkuxJMDK0_15agent_scheduler9schedulerNtB2_14AgentScheduler11pause_agent
FN:166,_RNvMNtCs4ATkuxJMDK0_15agent_scheduler9schedulerNtB2_14AgentScheduler11spawn_agent
FN:91,_RNvMNtCs4ATkuxJMDK0_15agent_scheduler9schedulerNtB2_14AgentScheduler11with_params
FN:256,_RNvMNtCs4ATkuxJMDK0_15agent_scheduler9schedulerNtB2_14AgentScheduler12resume_agent
FN:201,_RNvMNtCs4ATkuxJMDK0_15agent_scheduler9schedulerNtB2_14AgentScheduler12route_intent
FN:190,_RNvMNtCs4ATkuxJMDK0_15agent_scheduler9schedulerNtB2_14AgentScheduler13submit_intent
FN:150,_RNvMNtCs4ATkuxJMDK0_15agent_scheduler9schedulerNtB2_14AgentScheduler14context_memory
FN:277,_RNvMNtCs4ATkuxJMDK0_15agent_scheduler9schedulerNtB2_14AgentScheduler15terminate_agent
FN:364,_RNvMNtCs4ATkuxJMDK0_15agent_scheduler9schedulerNtB2_14AgentScheduler16grant_capability
FN:155,_RNvMNtCs4ATkuxJMDK0_15agent_scheduler9schedulerNtB2_14AgentScheduler17allocate_agent_id
FN:320,_RNvMNtCs4ATkuxJMDK0_15agent_scheduler9schedulerNtB2_14AgentScheduler18get_running_agents
FN:74,_RNvMNtCs4ATkuxJMDK0_15agent_scheduler9schedulerNtB2_14AgentScheduler3new
FN:311,_RNvMNtCs4ATkuxJMDK0_15agent_scheduler9schedulerNtB2_14AgentScheduler9get_agent
FN:915,_RNCNvNtNtCs4ATkuxJMDK0_15agent_scheduler9scheduler5testss_29error_pause_nonexistent_agent0B7_
FN:708,_RNCNvNtNtCs4ATkuxJMDK0_15agent_scheduler9scheduler5testss_29route_command_can_spawn_agent0B7_
FN:887,_RNCNvNtNtCs4ATkuxJMDK0_15agent_scheduler9scheduler5testss_32error_pause_already_paused_agent0B7_
FN:922,_RNCNvNtNtCs4ATkuxJMDK0_15agent_scheduler9scheduler5testss_36error_duplicate_agent_id_is_rejected0B7_
FN:682,_RNCNvNtNtCs4ATkuxJMDK0_15agent_scheduler9scheduler5testss_36submit_intent_reaches_bus_subscriber0B7_
FN:903,_RNCNvNtNtCs4ATkuxJMDK0_15agent_scheduler9scheduler5testss_38error_resume_running_agent_is_rejected0B7_
FN:644,_RNCNvNtNtCs4ATkuxJMDK0_15agent_scheduler9scheduler5testss_38spawn_pause_resume_and_terminate_agent0B7_
FN:768,_RNCNvNtNtCs4ATkuxJMDK0_15agent_scheduler9scheduler5testss_39grant_capability_requires_allowed_token0B7_
FN:727,_RNCNvNtNtCs4ATkuxJMDK0_15agent_scheduler9scheduler5testss_39route_structured_intent_updates_context0B7_
FN:796,_RNCNvNtNtCs4ATkuxJMDK0_15agent_scheduler9scheduler5testss_40grant_capability_denies_unapproved_token0B7_
FN:863,_RNCNvNtNtCs4ATkuxJMDK0_15agent_scheduler9scheduler5testss_45property_terminate_removes_from_running_count0B7_
FN:834,_RNCNvNtNtCs4ATkuxJMDK0_15agent_scheduler9scheduler5testss_56property_running_plus_paused_never_exceeds_total_spawned0B7_
FN:815,_RNCNvNtNtCs4ATkuxJMDK0_15agent_scheduler9scheduler5testss_62grant_capability_rejects_mixed_allowed_and_denied_capabilities0B7_
FN:333,_RINvMNtCsljdnD5lSkbI_15agent_scheduler9schedulerNtB3_14AgentScheduler13store_contextNtNtCs72dgD6uzVEf_5alloc6string6StringECsfbobxqkLRqr_12e2e_pipeline
FN:338,_RNCINvMNtCsljdnD5lSkbI_15agent_scheduler9schedulerNtB5_14AgentScheduler13store_contextNtNtCs72dgD6uzVEf_5alloc6string6StringE0CsfbobxqkLRqr_12e2e_pipeline
FN:295,_RNCNvMNtCsljdnD5lSkbI_15agent_scheduler9schedulerNtB4_14AgentScheduler10fail_agent0CsfbobxqkLRqr_12e2e_pipeline
FN:166,_RNCNvMNtCsljdnD5lSkbI_15agent_scheduler9schedulerNtB4_14AgentScheduler11spawn_agent0CsfbobxqkLRqr_12e2e_pipeline
FN:201,_RNCNvMNtCsljdnD5lSkbI_15agent_scheduler9schedulerNtB4_14AgentScheduler12route_intent0CsfbobxqkLRqr_12e2e_pipeline
FN:368,_RNCNvMNtCsljdnD5lSkbI_15agent_scheduler9schedulerNtB4_14AgentScheduler16grant_capability0CsfbobxqkLRqr_12e2e_pipeline
FN:155,_RNCNvMNtCsljdnD5lSkbI_15agent_scheduler9schedulerNtB4_14AgentScheduler17allocate_agent_id0CsfbobxqkLRqr_12e2e_pipeline
FN:311,_RNCNvMNtCsljdnD5lSkbI_15agent_scheduler9schedulerNtB4_14AgentScheduler9get_agent0CsfbobxqkLRqr_12e2e_pipeline
FN:324,_RNCNCNvMNtCsljdnD5lSkbI_15agent_scheduler9schedulerNtB6_14AgentScheduler18get_running_agents00CseVkF4WK7ytE_16kernel_companion
FN:320,_RNCNvMNtCsljdnD5lSkbI_15agent_scheduler9schedulerNtB4_14AgentScheduler18get_running_agents0CseVkF4WK7ytE_16kernel_companion
FN:295,_RNvMNtCsljdnD5lSkbI_15agent_scheduler9schedulerNtB2_14AgentScheduler10fail_agent
FN:144,_RNvMNtCsljdnD5lSkbI_15agent_scheduler9schedulerNtB2_14AgentScheduler10intent_bus
FN:134,_RNvMNtCsljdnD5lSkbI_15agent_scheduler9schedulerNtB2_14AgentScheduler10supervisor
FN:235,_RNvMNtCsljdnD5lSkbI_15agent_scheduler9schedulerNtB2_14AgentScheduler11pause_agent
FN:166,_RNvMNtCsljdnD5lSkbI_15agent_scheduler9schedulerNtB2_14AgentScheduler11spawn_agent
FN:91,_RNvMNtCsljdnD5lSkbI_15agent_scheduler9schedulerNtB2_14AgentScheduler11with_params
FN:256,_RNvMNtCsljdnD5lSkbI_15agent_scheduler9schedulerNtB2_14AgentScheduler12resume_agent
FN:201,_RNvMNtCsljdnD5lSkbI_15agent_scheduler9schedulerNtB2_14AgentScheduler12route_intent
FN:426,_RNvMNtCsljdnD5lSkbI_15agent_scheduler9schedulerNtB2_14AgentScheduler13dequeue_agent
FN:409,_RNvMNtCsljdnD5lSkbI_15agent_scheduler9schedulerNtB2_14AgentScheduler13enqueue_agent
FN:612,_RNvMNtCsljdnD5lSkbI_15agent_scheduler9schedulerNtB2_14AgentScheduler13run_queue_len
FN:190,_RNvMNtCsljdnD5lSkbI_15agent_scheduler9schedulerNtB2_14AgentScheduler13submit_intent
FN:150,_RNvMNtCsljdnD5lSkbI_15agent_scheduler9schedulerNtB2_14AgentScheduler14context_memory
FN:277,_RNvMNtCsljdnD5lSkbI_15agent_scheduler9schedulerNtB2_14AgentScheduler15terminate_agent
FN:364,_RNvMNtCsljdnD5lSkbI_15agent_scheduler9schedulerNtB2_14AgentScheduler16grant_capability
FN:155,_RNvMNtCsljdnD5lSkbI_15agent_scheduler9schedulerNtB2_14AgentScheduler17allocate_agent_id
FN:320,_RNvMNtCsljdnD5lSkbI_15agent_scheduler9schedulerNtB2_14AgentScheduler18get_running_agents
FN:582,_RNvMNtCsljdnD5lSkbI_15agent_scheduler9schedulerNtB2_14AgentScheduler18set_agent_priority
FN:547,_RNvMNtCsljdnD5lSkbI_15agent_scheduler9schedulerNtB2_14AgentScheduler19execute_agent_slice
FN:538,_RNvMNtCsljdnD5lSkbI_15agent_scheduler9schedulerNtB2_14AgentScheduler19stop_scheduler_loop
FN:618,_RNvMNtCsljdnD5lSkbI_15agent_scheduler9schedulerNtB2_14AgentScheduler20is_scheduler_running
FN:455,_RNvMNtCsljdnD5lSkbI_15agent_scheduler9schedulerNtB2_14AgentScheduler20start_scheduler_loop
FN:74,_RNvMNtCsljdnD5lSkbI_15agent_scheduler9schedulerNtB2_14AgentScheduler3new
FN:311,_RNvMNtCsljdnD5lSkbI_15agent_scheduler9schedulerNtB2_14AgentScheduler9get_agent
FN:139,_RNvMNtCsljdnD5lSkbI_15agent_scheduler9schedulerNtB2_14AgentScheduler9subscribe
FN:324,_RNCNCNvMNtCsljdnD5lSkbI_15agent_scheduler9schedulerNtB6_14AgentScheduler18get_running_agents00CsdFe3OVMkOQY_11integration
FN:235,_RNCNvMNtCsljdnD5lSkbI_15agent_scheduler9schedulerNtB4_14AgentScheduler11pause_agent0CsdFe3OVMkOQY_11integration
FN:166,_RNCNvMNtCsljdnD5lSkbI_15agent_scheduler9schedulerNtB4_14AgentScheduler11spawn_agent0CsdFe3OVMkOQY_11integration
FN:190,_RNCNvMNtCsljdnD5lSkbI_15agent_scheduler9schedulerNtB4_14AgentScheduler13submit_intent0CsdFe3OVMkOQY_11integration
FN:277,_RNCNvMNtCsljdnD5lSkbI_15agent_scheduler9schedulerNtB4_14AgentScheduler15terminate_agent0CsdFe3OVMkOQY_11integration
FN:368,_RNCNvMNtCsljdnD5lSkbI_15agent_scheduler9schedulerNtB4_14AgentScheduler16grant_capability0CsdFe3OVMkOQY_11integration
FN:155,_RNCNvMNtCsljdnD5lSkbI_15agent_scheduler9schedulerNtB4_14AgentScheduler17allocate_agent_id0CsdFe3OVMkOQY_11integration
FN:320,_RNCNvMNtCsljdnD5lSkbI_15agent_scheduler9schedulerNtB4_14AgentScheduler18get_running_agents0CsdFe3OVMkOQY_11integration
FN:311,_RNCNvMNtCsljdnD5lSkbI_15agent_scheduler9schedulerNtB4_14AgentScheduler9get_agent0CsdFe3OVMkOQY_11integration
FN:333,_RINvMNtCsljdnD5lSkbI_15agent_scheduler9schedulerNtB3_14AgentScheduler13store_contextNtNtCs72dgD6uzVEf_5alloc6string6StringECseLUTM0PnGP2_16kernel_companion
FN:338,_RNCINvMNtCsljdnD5lSkbI_15agent_scheduler9schedulerNtB5_14AgentScheduler13store_contextNtNtCs72dgD6uzVEf_5alloc6string6StringE0CseLUTM0PnGP2_16kernel_companion
FN:324,_RNCNCNvMNtCsljdnD5lSkbI_15agent_scheduler9schedulerNtB6_14AgentScheduler18get_running_agents00CseLUTM0PnGP2_16kernel_companion
FN:166,_RNCNvMNtCsljdnD5lSkbI_15agent_scheduler9schedulerNtB4_14AgentScheduler11spawn_agent0CseLUTM0PnGP2_16kernel_companion
FN:201,_RNCNvMNtCsljdnD5lSkbI_15agent_scheduler9schedulerNtB4_14AgentScheduler12route_intent0CseLUTM0PnGP2_16kernel_companion
FN:155,_RNCNvMNtCsljdnD5lSkbI_15agent_scheduler9schedulerNtB4_14AgentScheduler17allocate_agent_id0CseLUTM0PnGP2_16kernel_companion
FN:320,_RNCNvMNtCsljdnD5lSkbI_15agent_scheduler9schedulerNtB4_14AgentScheduler18get_running_agents0CseLUTM0PnGP2_16kernel_companion
FN:311,_RNCNvMNtCsljdnD5lSkbI_15agent_scheduler9schedulerNtB4_14AgentScheduler9get_agent0CseLUTM0PnGP2_16kernel_companion
FN:333,_RINvMNtCsljdnD5lSkbI_15agent_scheduler9schedulerNtB3_14AgentScheduler13store_contextNtNtCs72dgD6uzVEf_5alloc6string6StringECshG9qMLwq2HM_16kernel_companion
FN:338,_RNCINvMNtCsljdnD5lSkbI_15agent_scheduler9schedulerNtB5_14AgentScheduler13store_contextNtNtCs72dgD6uzVEf_5alloc6string6StringE0CshG9qMLwq2HM_16kernel_companion
FN:166,_RNCNvMNtCsljdnD5lSkbI_15agent_scheduler9schedulerNtB4_14AgentScheduler11spawn_agent0CshG9qMLwq2HM_16kernel_companion
FN:201,_RNCNvMNtCsljdnD5lSkbI_15agent_scheduler9schedulerNtB4_14AgentScheduler12route_intent0CshG9qMLwq2HM_16kernel_companion
FN:155,_RNCNvMNtCsljdnD5lSkbI_15agent_scheduler9schedulerNtB4_14AgentScheduler17allocate_agent_id0CshG9qMLwq2HM_16kernel_companion
FN:311,_RNCNvMNtCsljdnD5lSkbI_15agent_scheduler9schedulerNtB4_14AgentScheduler9get_agent0CshG9qMLwq2HM_16kernel_companion
FN:235,_RNCNvMNtCsljdnD5lSkbI_15agent_scheduler9schedulerNtB4_14AgentScheduler11pause_agent0CshJ7ADVmgvQo_11perf_budget
FN:166,_RNCNvMNtCsljdnD5lSkbI_15agent_scheduler9schedulerNtB4_14AgentScheduler11spawn_agent0CshJ7ADVmgvQo_11perf_budget
FN:256,_RNCNvMNtCsljdnD5lSkbI_15agent_scheduler9schedulerNtB4_14AgentScheduler12resume_agent0CshJ7ADVmgvQo_11perf_budget
FN:155,_RNCNvMNtCsljdnD5lSkbI_15agent_scheduler9schedulerNtB4_14AgentScheduler17allocate_agent_id0CshJ7ADVmgvQo_11perf_budget
FN:333,_RINvMNtCsljdnD5lSkbI_15agent_scheduler9schedulerNtB3_14AgentScheduler13store_contextNtNtCs72dgD6uzVEf_5alloc6string6StringECscMnwIHTVX4e_8pipeline
FN:333,_RINvMNtCsljdnD5lSkbI_15agent_scheduler9schedulerNtB3_14AgentScheduler13store_contextReECscMnwIHTVX4e_8pipeline
FN:338,_RNCINvMNtCsljdnD5lSkbI_15agent_scheduler9schedulerNtB5_14AgentScheduler13store_contextNtNtCs72dgD6uzVEf_5alloc6string6StringE0CscMnwIHTVX4e_8pipeline
FN:338,_RNCINvMNtCsljdnD5lSkbI_15agent_scheduler9schedulerNtB5_14AgentScheduler13store_contextReE0CscMnwIHTVX4e_8pipeline
FN:324,_RNCNCNvMNtCsljdnD5lSkbI_15agent_scheduler9schedulerNtB6_14AgentScheduler18get_running_agents00CscMnwIHTVX4e_8pipeline
FN:295,_RNCNvMNtCsljdnD5lSkbI_15agent_scheduler9schedulerNtB4_14AgentScheduler10fail_agent0CscMnwIHTVX4e_8pipeline
FN:235,_RNCNvMNtCsljdnD5lSkbI_15agent_scheduler9schedulerNtB4_14AgentScheduler11pause_agent0CscMnwIHTVX4e_8pipeline
FN:166,_RNCNvMNtCsljdnD5lSkbI_15agent_scheduler9schedulerNtB4_14AgentScheduler11spawn_agent0CscMnwIHTVX4e_8pipeline
FN:256,_RNCNvMNtCsljdnD5lSkbI_15agent_scheduler9schedulerNtB4_14AgentScheduler12resume_agent0CscMnwIHTVX4e_8pipeline
FN:201,_RNCNvMNtCsljdnD5lSkbI_15agent_scheduler9schedulerNtB4_14AgentScheduler12route_intent0CscMnwIHTVX4e_8pipeline
FN:190,_RNCNvMNtCsljdnD5lSkbI_15agent_scheduler9schedulerNtB4_14AgentScheduler13submit_intent0CscMnwIHTVX4e_8pipeline
FN:277,_RNCNvMNtCsljdnD5lSkbI_15agent_scheduler9schedulerNtB4_14AgentScheduler15terminate_agent0CscMnwIHTVX4e_8pipeline
FN:368,_RNCNvMNtCsljdnD5lSkbI_15agent_scheduler9schedulerNtB4_14AgentScheduler16grant_capability0CscMnwIHTVX4e_8pipeline
FN:155,_RNCNvMNtCsljdnD5lSkbI_15agent_scheduler9schedulerNtB4_14AgentScheduler17allocate_agent_id0CscMnwIHTVX4e_8pipeline
FN:320,_RNCNvMNtCsljdnD5lSkbI_15agent_scheduler9schedulerNtB4_14AgentScheduler18get_running_agents0CscMnwIHTVX4e_8pipeline
FN:311,_RNCNvMNtCsljdnD5lSkbI_15agent_scheduler9schedulerNtB4_14AgentScheduler9get_agent0CscMnwIHTVX4e_8pipeline
FNDA:1,_RINvMNtCs4ATkuxJMDK0_15agent_scheduler9schedulerNtB3_14AgentScheduler13store_contextNtNtCs72dgD6uzVEf_5alloc6string6StringEB5_
FNDA:1,_RNCINvMNtCs4ATkuxJMDK0_15agent_scheduler9schedulerNtB5_14AgentScheduler13store_contextNtNtCs72dgD6uzVEf_5alloc6string6StringE0B7_
FNDA:11,_RNCNCNvMNtCs4ATkuxJMDK0_15agent_scheduler9schedulerNtB6_14AgentScheduler18get_running_agents00B8_
FNDA:6,_RNCNvMNtCs4ATkuxJMDK0_15agent_scheduler9schedulerNtB4_14AgentScheduler11pause_agent0B6_
FNDA:19,_RNCNvMNtCs4ATkuxJMDK0_15agent_scheduler9schedulerNtB4_14AgentScheduler11spawn_agent0B6_
FNDA:2,_RNCNvMNtCs4ATkuxJMDK0_15agent_scheduler9schedulerNtB4_14AgentScheduler12resume_agent0B6_
FNDA:2,_RNCNvMNtCs4ATkuxJMDK0_15agent_scheduler9schedulerNtB4_14AgentScheduler12route_intent0B6_
FNDA:1,_RNCNvMNtCs4ATkuxJMDK0_15agent_scheduler9schedulerNtB4_14AgentScheduler13submit_intent0B6_
FNDA:5,_RNCNvMNtCs4ATkuxJMDK0_15agent_scheduler9schedulerNtB4_14AgentScheduler15terminate_agent0B6_
FNDA:3,_RNCNvMNtCs4ATkuxJMDK0_15agent_scheduler9schedulerNtB4_14AgentScheduler16grant_capability0B6_
FNDA:17,_RNCNvMNtCs4ATkuxJMDK0_15agent_scheduler9schedulerNtB4_14AgentScheduler17allocate_agent_id0B6_
FNDA:5,_RNCNvMNtCs4ATkuxJMDK0_15agent_scheduler9schedulerNtB4_14AgentScheduler18get_running_agents0B6_
FNDA:6,_RNCNvMNtCs4ATkuxJMDK0_15agent_scheduler9schedulerNtB4_14AgentScheduler9get_agent0B6_
FNDA:0,_RNCNCNCNCNvMNtCs4ATkuxJMDK0_15agent_scheduler9schedulerNtBa_14AgentScheduler20start_scheduler_loop000s0_0Bc_
FNDA:0,_RNCNCNCNvMNtCs4ATkuxJMDK0_15agent_scheduler9schedulerNtB8_14AgentScheduler20start_scheduler_loop000Ba_
FNDA:0,_RNCNvMNtCs4ATkuxJMDK0_15agent_scheduler9schedulerNtB4_14AgentScheduler10fail_agent0B6_
FNDA:0,_RNCNvMNtCs4ATkuxJMDK0_15agent_scheduler9schedulerNtB4_14AgentScheduler13dequeue_agent0B6_
FNDA:0,_RNCNvMNtCs4ATkuxJMDK0_15agent_scheduler9schedulerNtB4_14AgentScheduler13enqueue_agent0B6_
FNDA:0,_RNCNvMNtCs4ATkuxJMDK0_15agent_scheduler9schedulerNtB4_14AgentScheduler13run_queue_len0B6_
FNDA:0,_RNCNvMNtCs4ATkuxJMDK0_15agent_scheduler9schedulerNtB4_14AgentScheduler18set_agent_priority0B6_
FNDA:0,_RNCNvMNtCs4ATkuxJMDK0_15agent_scheduler9schedulerNtB4_14AgentScheduler19execute_agent_slice0B6_
FNDA:0,_RNCNvMNtCs4ATkuxJMDK0_15agent_scheduler9schedulerNtB4_14AgentScheduler19stop_scheduler_loop0B6_
FNDA:0,_RNCNvMNtCs4ATkuxJMDK0_15agent_scheduler9schedulerNtB4_14AgentScheduler20is_scheduler_running0B6_
FNDA:0,_RNCNvMNtCs4ATkuxJMDK0_15agent_scheduler9schedulerNtB4_14AgentScheduler20start_scheduler_loop0B6_
FNDA:0,_RNvMNtCs4ATkuxJMDK0_15agent_scheduler9schedulerNtB2_14AgentScheduler10fail_agent
FNDA:0,_RNvMNtCs4ATkuxJMDK0_15agent_scheduler9schedulerNtB2_14AgentScheduler10supervisor
FNDA:0,_RNvMNtCs4ATkuxJMDK0_15agent_scheduler9schedulerNtB2_14AgentScheduler13dequeue_agent
FNDA:0,_RNvMNtCs4ATkuxJMDK0_15agent_scheduler9schedulerNtB2_14AgentScheduler13enqueue_agent
FNDA:0,_RNvMNtCs4ATkuxJMDK0_15agent_scheduler9schedulerNtB2_14AgentScheduler13run_queue_len
FNDA:0,_RNvMNtCs4ATkuxJMDK0_15agent_scheduler9schedulerNtB2_14AgentScheduler18set_agent_priority
FNDA:0,_RNvMNtCs4ATkuxJMDK0_15agent_scheduler9schedulerNtB2_14AgentScheduler19execute_agent_slice
FNDA:0,_RNvMNtCs4ATkuxJMDK0_15agent_scheduler9schedulerNtB2_14AgentScheduler19stop_scheduler_loop
FNDA:0,_RNvMNtCs4ATkuxJMDK0_15agent_scheduler9schedulerNtB2_14AgentScheduler20is_scheduler_running
FNDA:0,_RNvMNtCs4ATkuxJMDK0_15agent_scheduler9schedulerNtB2_14AgentScheduler20start_scheduler_loop
FNDA:0,_RNvMNtCs4ATkuxJMDK0_15agent_scheduler9schedulerNtB2_14AgentScheduler9subscribe
FNDA:13,_RNvNtNtCs4ATkuxJMDK0_15agent_scheduler9scheduler5tests9scheduler
FNDA:1,_RNvNtNtCs4ATkuxJMDK0_15agent_scheduler9scheduler5testss_29error_pause_nonexistent_agent
FNDA:1,_RNvNtNtCs4ATkuxJMDK0_15agent_scheduler9scheduler5testss_29route_command_can_spawn_agent
FNDA:1,_RNvNtNtCs4ATkuxJMDK0_15agent_scheduler9scheduler5testss_32error_pause_already_paused_agent
FNDA:1,_RNvNtNtCs4ATkuxJMDK0_15agent_scheduler9scheduler5testss_36error_duplicate_agent_id_is_rejected
FNDA:1,_RNvNtNtCs4ATkuxJMDK0_15agent_scheduler9scheduler5testss_36submit_intent_reaches_bus_subscriber
FNDA:1,_RNvNtNtCs4ATkuxJMDK0_15agent_scheduler9scheduler5testss_38error_resume_running_agent_is_rejected
FNDA:1,_RNvNtNtCs4ATkuxJMDK0_15agent_scheduler9scheduler5testss_38spawn_pause_resume_and_terminate_agent
FNDA:1,_RNvNtNtCs4ATkuxJMDK0_15agent_scheduler9scheduler5testss_39grant_capability_requires_allowed_token
FNDA:1,_RNvNtNtCs4ATkuxJMDK0_15agent_scheduler9scheduler5testss_39route_structured_intent_updates_context
FNDA:1,_RNvNtNtCs4ATkuxJMDK0_15agent_scheduler9scheduler5testss_40grant_capability_denies_unapproved_token
FNDA:1,_RNvNtNtCs4ATkuxJMDK0_15agent_scheduler9scheduler5testss_45property_terminate_removes_from_running_count
FNDA:1,_RNvNtNtCs4ATkuxJMDK0_15agent_scheduler9scheduler5testss_56property_running_plus_paused_never_exceeds_total_spawned
FNDA:1,_RNvNtNtCs4ATkuxJMDK0_15agent_scheduler9scheduler5testss_62grant_capability_rejects_mixed_allowed_and_denied_capabilities
FNDA:1,_RNvMNtCs4ATkuxJMDK0_15agent_scheduler9schedulerNtB2_14AgentScheduler10intent_bus
FNDA:6,_RNvMNtCs4ATkuxJMDK0_15agent_scheduler9schedulerNtB2_14AgentScheduler11pause_agent
FNDA:19,_RNvMNtCs4ATkuxJMDK0_15agent_scheduler9schedulerNtB2_14AgentScheduler11spawn_agent
FNDA:13,_RNvMNtCs4ATkuxJMDK0_15agent_scheduler9schedulerNtB2_14AgentScheduler11with_params
FNDA:2,_RNvMNtCs4ATkuxJMDK0_15agent_scheduler9schedulerNtB2_14AgentScheduler12resume_agent
FNDA:2,_RNvMNtCs4ATkuxJMDK0_15agent_scheduler9schedulerNtB2_14AgentScheduler12route_intent
FNDA:1,_RNvMNtCs4ATkuxJMDK0_15agent_scheduler9schedulerNtB2_14AgentScheduler13submit_intent
FNDA:1,_RNvMNtCs4ATkuxJMDK0_15agent_scheduler9schedulerNtB2_14AgentScheduler14context_memory
FNDA:5,_RNvMNtCs4ATkuxJMDK0_15agent_scheduler9schedulerNtB2_14AgentScheduler15terminate_agent
FNDA:3,_RNvMNtCs4ATkuxJMDK0_15agent_scheduler9schedulerNtB2_14AgentScheduler16grant_capability
FNDA:17,_RNvMNtCs4ATkuxJMDK0_15agent_scheduler9schedulerNtB2_14AgentScheduler17allocate_agent_id
FNDA:5,_RNvMNtCs4ATkuxJMDK0_15agent_scheduler9schedulerNtB2_14AgentScheduler18get_running_agents
FNDA:13,_RNvMNtCs4ATkuxJMDK0_15agent_scheduler9schedulerNtB2_14AgentScheduler3new
FNDA:6,_RNvMNtCs4ATkuxJMDK0_15agent_scheduler9schedulerNtB2_14AgentScheduler9get_agent
FNDA:1,_RNCNvNtNtCs4ATkuxJMDK0_15agent_scheduler9scheduler5testss_29error_pause_nonexistent_agent0B7_
FNDA:1,_RNCNvNtNtCs4ATkuxJMDK0_15agent_scheduler9scheduler5testss_29route_command_can_spawn_agent0B7_
FNDA:1,_RNCNvNtNtCs4ATkuxJMDK0_15agent_scheduler9scheduler5testss_32error_pause_already_paused_agent0B7_
FNDA:1,_RNCNvNtNtCs4ATkuxJMDK0_15agent_scheduler9scheduler5testss_36error_duplicate_agent_id_is_rejected0B7_
FNDA:1,_RNCNvNtNtCs4ATkuxJMDK0_15agent_scheduler9scheduler5testss_36submit_intent_reaches_bus_subscriber0B7_
FNDA:1,_RNCNvNtNtCs4ATkuxJMDK0_15agent_scheduler9scheduler5testss_38error_resume_running_agent_is_rejected0B7_
FNDA:1,_RNCNvNtNtCs4ATkuxJMDK0_15agent_scheduler9scheduler5testss_38spawn_pause_resume_and_terminate_agent0B7_
FNDA:1,_RNCNvNtNtCs4ATkuxJMDK0_15agent_scheduler9scheduler5testss_39grant_capability_requires_allowed_token0B7_
FNDA:1,_RNCNvNtNtCs4ATkuxJMDK0_15agent_scheduler9scheduler5testss_39route_structured_intent_updates_context0B7_
FNDA:1,_RNCNvNtNtCs4ATkuxJMDK0_15agent_scheduler9scheduler5testss_40grant_capability_denies_unapproved_token0B7_
FNDA:1,_RNCNvNtNtCs4ATkuxJMDK0_15agent_scheduler9scheduler5testss_45property_terminate_removes_from_running_count0B7_
FNDA:1,_RNCNvNtNtCs4ATkuxJMDK0_15agent_scheduler9scheduler5testss_56property_running_plus_paused_never_exceeds_total_spawned0B7_
FNDA:1,_RNCNvNtNtCs4ATkuxJMDK0_15agent_scheduler9scheduler5testss_62grant_capability_rejects_mixed_allowed_and_denied_capabilities0B7_
FNDA:1,_RINvMNtCsljdnD5lSkbI_15agent_scheduler9schedulerNtB3_14AgentScheduler13store_contextNtNtCs72dgD6uzVEf_5alloc6string6StringECsfbobxqkLRqr_12e2e_pipeline
FNDA:1,_RNCINvMNtCsljdnD5lSkbI_15agent_scheduler9schedulerNtB5_14AgentScheduler13store_contextNtNtCs72dgD6uzVEf_5alloc6string6StringE0CsfbobxqkLRqr_12e2e_pipeline
FNDA:1,_RNCNvMNtCsljdnD5lSkbI_15agent_scheduler9schedulerNtB4_14AgentScheduler10fail_agent0CsfbobxqkLRqr_12e2e_pipeline
FNDA:5,_RNCNvMNtCsljdnD5lSkbI_15agent_scheduler9schedulerNtB4_14AgentScheduler11spawn_agent0CsfbobxqkLRqr_12e2e_pipeline
FNDA:3,_RNCNvMNtCsljdnD5lSkbI_15agent_scheduler9schedulerNtB4_14AgentScheduler12route_intent0CsfbobxqkLRqr_12e2e_pipeline
FNDA:1,_RNCNvMNtCsljdnD5lSkbI_15agent_scheduler9schedulerNtB4_14AgentScheduler16grant_capability0CsfbobxqkLRqr_12e2e_pipeline
FNDA:5,_RNCNvMNtCsljdnD5lSkbI_15agent_scheduler9schedulerNtB4_14AgentScheduler17allocate_agent_id0CsfbobxqkLRqr_12e2e_pipeline
FNDA:6,_RNCNvMNtCsljdnD5lSkbI_15agent_scheduler9schedulerNtB4_14AgentScheduler9get_agent0CsfbobxqkLRqr_12e2e_pipeline
FNDA:12,_RNCNCNvMNtCsljdnD5lSkbI_15agent_scheduler9schedulerNtB6_14AgentScheduler18get_running_agents00CseVkF4WK7ytE_16kernel_companion
FNDA:3,_RNCNvMNtCsljdnD5lSkbI_15agent_scheduler9schedulerNtB4_14AgentScheduler18get_running_agents0CseVkF4WK7ytE_16kernel_companion
FNDA:6,_RNvMNtCsljdnD5lSkbI_15agent_scheduler9schedulerNtB2_14AgentScheduler10fail_agent
FNDA:1,_RNvMNtCsljdnD5lSkbI_15agent_scheduler9schedulerNtB2_14AgentScheduler10intent_bus
FNDA:8,_RNvMNtCsljdnD5lSkbI_15agent_scheduler9schedulerNtB2_14AgentScheduler10supervisor
FNDA:1002,_RNvMNtCsljdnD5lSkbI_15agent_scheduler9schedulerNtB2_14AgentScheduler11pause_agent
FNDA:2136,_RNvMNtCsljdnD5lSkbI_15agent_scheduler9schedulerNtB2_14AgentScheduler11spawn_agent
FNDA:25,_RNvMNtCsljdnD5lSkbI_15agent_scheduler9schedulerNtB2_14AgentScheduler11with_params
FNDA:1001,_RNvMNtCsljdnD5lSkbI_15agent_scheduler9schedulerNtB2_14AgentScheduler12resume_agent
FNDA:9,_RNvMNtCsljdnD5lSkbI_15agent_scheduler9schedulerNtB2_14AgentScheduler12route_intent
FNDA:0,_RNvMNtCsljdnD5lSkbI_15agent_scheduler9schedulerNtB2_14AgentScheduler13dequeue_agent
FNDA:0,_RNvMNtCsljdnD5lSkbI_15agent_scheduler9schedulerNtB2_14AgentScheduler13enqueue_agent
FNDA:0,_RNvMNtCsljdnD5lSkbI_15agent_scheduler9schedulerNtB2_14AgentScheduler13run_queue_len
FNDA:2,_RNvMNtCsljdnD5lSkbI_15agent_scheduler9schedulerNtB2_14AgentScheduler13submit_intent
FNDA:1,_RNvMNtCsljdnD5lSkbI_15agent_scheduler9schedulerNtB2_14AgentScheduler14context_memory
FNDA:2,_RNvMNtCsljdnD5lSkbI_15agent_scheduler9schedulerNtB2_14AgentScheduler15terminate_agent
FNDA:3,_RNvMNtCsljdnD5lSkbI_15agent_scheduler9schedulerNtB2_14AgentScheduler16grant_capability
FNDA:2135,_RNvMNtCsljdnD5lSkbI_15agent_scheduler9schedulerNtB2_14AgentScheduler17allocate_agent_id
FNDA:9,_RNvMNtCsljdnD5lSkbI_15agent_scheduler9schedulerNtB2_14AgentScheduler18get_running_agents
FNDA:0,_RNvMNtCsljdnD5lSkbI_15agent_scheduler9schedulerNtB2_14AgentScheduler18set_agent_priority
FNDA:0,_RNvMNtCsljdnD5lSkbI_15agent_scheduler9schedulerNtB2_14AgentScheduler19execute_agent_slice
FNDA:0,_RNvMNtCsljdnD5lSkbI_15agent_scheduler9schedulerNtB2_14AgentScheduler19stop_scheduler_loop
FNDA:0,_RNvMNtCsljdnD5lSkbI_15agent_scheduler9schedulerNtB2_14AgentScheduler20is_scheduler_running
FNDA:0,_RNvMNtCsljdnD5lSkbI_15agent_scheduler9schedulerNtB2_14AgentScheduler20start_scheduler_loop
FNDA:22,_RNvMNtCsljdnD5lSkbI_15agent_scheduler9schedulerNtB2_14AgentScheduler3new
FNDA:121,_RNvMNtCsljdnD5lSkbI_15agent_scheduler9schedulerNtB2_14AgentScheduler9get_agent
FNDA:2,_RNvMNtCsljdnD5lSkbI_15agent_scheduler9schedulerNtB2_14AgentScheduler9subscribe
FNDA:100,_RNCNCNvMNtCsljdnD5lSkbI_15agent_scheduler9schedulerNtB6_14AgentScheduler18get_running_agents00CsdFe3OVMkOQY_11integration
FNDA:1,_RNCNvMNtCsljdnD5lSkbI_15agent_scheduler9schedulerNtB4_14AgentScheduler11pause_agent0CsdFe3OVMkOQY_11integration
FNDA:102,_RNCNvMNtCsljdnD5lSkbI_15agent_scheduler9schedulerNtB4_14AgentScheduler11spawn_agent0CsdFe3OVMkOQY_11integration
FNDA:1,_RNCNvMNtCsljdnD5lSkbI_15agent_scheduler9schedulerNtB4_14AgentScheduler13submit_intent0CsdFe3OVMkOQY_11integration
FNDA:1,_RNCNvMNtCsljdnD5lSkbI_15agent_scheduler9schedulerNtB4_14AgentScheduler15terminate_agent0CsdFe3OVMkOQY_11integration
FNDA:1,_RNCNvMNtCsljdnD5lSkbI_15agent_scheduler9schedulerNtB4_14AgentScheduler16grant_capability0CsdFe3OVMkOQY_11integration
FNDA:101,_RNCNvMNtCsljdnD5lSkbI_15agent_scheduler9schedulerNtB4_14AgentScheduler17allocate_agent_id0CsdFe3OVMkOQY_11integration
FNDA:1,_RNCNvMNtCsljdnD5lSkbI_15agent_scheduler9schedulerNtB4_14AgentScheduler18get_running_agents0CsdFe3OVMkOQY_11integration
FNDA:102,_RNCNvMNtCsljdnD5lSkbI_15agent_scheduler9schedulerNtB4_14AgentScheduler9get_agent0CsdFe3OVMkOQY_11integration
FNDA:0,_RINvMNtCsljdnD5lSkbI_15agent_scheduler9schedulerNtB3_14AgentScheduler13store_contextNtNtCs72dgD6uzVEf_5alloc6string6StringECseLUTM0PnGP2_16kernel_companion
FNDA:0,_RNCINvMNtCsljdnD5lSkbI_15agent_scheduler9schedulerNtB5_14AgentScheduler13store_contextNtNtCs72dgD6uzVEf_5alloc6string6StringE0CseLUTM0PnGP2_16kernel_companion
FNDA:1,_RNCNCNvMNtCsljdnD5lSkbI_15agent_scheduler9schedulerNtB6_14AgentScheduler18get_running_agents00CseLUTM0PnGP2_16kernel_companion
FNDA:1,_RNCNvMNtCsljdnD5lSkbI_15agent_scheduler9schedulerNtB4_14AgentScheduler11spawn_agent0CseLUTM0PnGP2_16kernel_companion
FNDA:4,_RNCNvMNtCsljdnD5lSkbI_15agent_scheduler9schedulerNtB4_14AgentScheduler12route_intent0CseLUTM0PnGP2_16kernel_companion
FNDA:1,_RNCNvMNtCsljdnD5lSkbI_15agent_scheduler9schedulerNtB4_14AgentScheduler17allocate_agent_id0CseLUTM0PnGP2_16kernel_companion
FNDA:1,_RNCNvMNtCsljdnD5lSkbI_15agent_scheduler9schedulerNtB4_14AgentScheduler18get_running_agents0CseLUTM0PnGP2_16kernel_companion
FNDA:1,_RNCNvMNtCsljdnD5lSkbI_15agent_scheduler9schedulerNtB4_14AgentScheduler9get_agent0CseLUTM0PnGP2_16kernel_companion
FNDA:0,_RINvMNtCsljdnD5lSkbI_15agent_scheduler9schedulerNtB3_14AgentScheduler13store_contextNtNtCs72dgD6uzVEf_5alloc6string6StringECshG9qMLwq2HM_16kernel_companion
FNDA:0,_RNCINvMNtCsljdnD5lSkbI_15agent_scheduler9schedulerNtB5_14AgentScheduler13store_contextNtNtCs72dgD6uzVEf_5alloc6string6StringE0CshG9qMLwq2HM_16kernel_companion
FNDA:0,_RNCNvMNtCsljdnD5lSkbI_15agent_scheduler9schedulerNtB4_14AgentScheduler11spawn_agent0CshG9qMLwq2HM_16kernel_companion
FNDA:0,_RNCNvMNtCsljdnD5lSkbI_15agent_scheduler9schedulerNtB4_14AgentScheduler12route_intent0CshG9qMLwq2HM_16kernel_companion
FNDA:0,_RNCNvMNtCsljdnD5lSkbI_15agent_scheduler9schedulerNtB4_14AgentScheduler17allocate_agent_id0CshG9qMLwq2HM_16kernel_companion
FNDA:0,_RNCNvMNtCsljdnD5lSkbI_15agent_scheduler9schedulerNtB4_14AgentScheduler9get_agent0CshG9qMLwq2HM_16kernel_companion
FNDA:1000,_RNCNvMNtCsljdnD5lSkbI_15agent_scheduler9schedulerNtB4_14AgentScheduler11pause_agent0CshJ7ADVmgvQo_11perf_budget
FNDA:2010,_RNCNvMNtCsljdnD5lSkbI_15agent_scheduler9schedulerNtB4_14AgentScheduler11spawn_agent0CshJ7ADVmgvQo_11perf_budget
FNDA:1000,_RNCNvMNtCsljdnD5lSkbI_15agent_scheduler9schedulerNtB4_14AgentScheduler12resume_agent0CshJ7ADVmgvQo_11perf_budget
FNDA:2010,_RNCNvMNtCsljdnD5lSkbI_15agent_scheduler9schedulerNtB4_14AgentScheduler17allocate_agent_id0CshJ7ADVmgvQo_11perf_budget
FNDA:1,_RINvMNtCsljdnD5lSkbI_15agent_scheduler9schedulerNtB3_14AgentScheduler13store_contextNtNtCs72dgD6uzVEf_5alloc6string6StringECscMnwIHTVX4e_8pipeline
FNDA:4,_RINvMNtCsljdnD5lSkbI_15agent_scheduler9schedulerNtB3_14AgentScheduler13store_contextReECscMnwIHTVX4e_8pipeline
FNDA:1,_RNCINvMNtCsljdnD5lSkbI_15agent_scheduler9schedulerNtB5_14AgentScheduler13store_contextNtNtCs72dgD6uzVEf_5alloc6string6StringE0CscMnwIHTVX4e_8pipeline
FNDA:4,_RNCINvMNtCsljdnD5lSkbI_15agent_scheduler9schedulerNtB5_14AgentScheduler13store_contextReE0CscMnwIHTVX4e_8pipeline
FNDA:31,_RNCNCNvMNtCsljdnD5lSkbI_15agent_scheduler9schedulerNtB6_14AgentScheduler18get_running_agents00CscMnwIHTVX4e_8pipeline
FNDA:5,_RNCNvMNtCsljdnD5lSkbI_15agent_scheduler9schedulerNtB4_14AgentScheduler10fail_agent0CscMnwIHTVX4e_8pipeline
FNDA:1,_RNCNvMNtCsljdnD5lSkbI_15agent_scheduler9schedulerNtB4_14AgentScheduler11pause_agent0CscMnwIHTVX4e_8pipeline
FNDA:18,_RNCNvMNtCsljdnD5lSkbI_15agent_scheduler9schedulerNtB4_14AgentScheduler11spawn_agent0CscMnwIHTVX4e_8pipeline
FNDA:1,_RNCNvMNtCsljdnD5lSkbI_15agent_scheduler9schedulerNtB4_14AgentScheduler12resume_agent0CscMnwIHTVX4e_8pipeline
FNDA:2,_RNCNvMNtCsljdnD5lSkbI_15agent_scheduler9schedulerNtB4_14AgentScheduler12route_intent0CscMnwIHTVX4e_8pipeline
FNDA:1,_RNCNvMNtCsljdnD5lSkbI_15agent_scheduler9schedulerNtB4_14AgentScheduler13submit_intent0CscMnwIHTVX4e_8pipeline
FNDA:1,_RNCNvMNtCsljdnD5lSkbI_15agent_scheduler9schedulerNtB4_14AgentScheduler15terminate_agent0CscMnwIHTVX4e_8pipeline
FNDA:1,_RNCNvMNtCsljdnD5lSkbI_15agent_scheduler9schedulerNtB4_14AgentScheduler16grant_capability0CscMnwIHTVX4e_8pipeline
FNDA:18,_RNCNvMNtCsljdnD5lSkbI_15agent_scheduler9schedulerNtB4_14AgentScheduler17allocate_agent_id0CscMnwIHTVX4e_8pipeline
FNDA:4,_RNCNvMNtCsljdnD5lSkbI_15agent_scheduler9schedulerNtB4_14AgentScheduler18get_running_agents0CscMnwIHTVX4e_8pipeline
FNDA:12,_RNCNvMNtCsljdnD5lSkbI_15agent_scheduler9schedulerNtB4_14AgentScheduler9get_agent0CscMnwIHTVX4e_8pipeline
FNF:76
FNH:58
DA:74,35
DA:75,35
DA:76,35
DA:77,35
DA:78,35
DA:79,35
DA:80,35
DA:81,35
DA:82,35
DA:87,35
DA:91,38
DA:92,38
DA:93,38
DA:94,38
DA:95,38
DA:96,38
DA:97,38
DA:98,38
DA:99,38
DA:100,38
DA:101,38
DA:102,38
DA:103,38
DA:105,38
DA:106,38
DA:107,38
DA:110,38
DA:111,38
DA:112,38
DA:113,38
DA:114,38
DA:115,38
DA:117,38
DA:118,38
DA:119,38
DA:120,38
DA:121,38
DA:122,38
DA:123,38
DA:124,38
DA:125,38
DA:126,38
DA:127,38
DA:128,38
DA:129,38
DA:130,38
DA:134,8
DA:135,8
DA:136,8
DA:139,2
DA:140,2
DA:141,2
DA:144,2
DA:145,2
DA:146,2
DA:150,2
DA:151,2
DA:152,2
DA:155,2152
DA:156,2152
DA:157,2152
DA:158,2152
DA:159,2152
DA:160,2152
DA:166,2155
DA:167,2155
DA:168,2152
DA:169,3
DA:171,2155
DA:172,2155
DA:173,1
DA:174,2154
DA:176,2154
DA:177,2154
DA:178,2154
DA:180,2154
DA:181,2154
DA:182,2154
DA:183,2154
DA:184,2155
DA:190,3
DA:191,3
DA:192,3
DA:193,3
DA:194,3
DA:195,3
DA:201,11
DA:202,11
DA:204,5
DA:205,5
DA:206,5
DA:207,5
DA:208,0
DA:211,3
DA:212,0
DA:214,3
DA:215,0
DA:218,3
DA:219,3
DA:220,3
DA:222,3
DA:223,3
DA:224,3
DA:226,3
DA:228,11
DA:229,11
DA:235,1008
DA:236,1008
DA:237,1008
DA:238,1008
DA:239,1008
DA:241,1007
DA:242,1
DA:243,1006
DA:245,1006
DA:246,1006
DA:247,1006
DA:248,1006
DA:249,1006
DA:250,1008
DA:256,1003
DA:257,1003
DA:258,1003
DA:259,1003
DA:260,1003
DA:262,1003
DA:263,1
DA:264,1002
DA:266,1002
DA:267,1002
DA:268,1002
DA:269,1002
DA:270,1002
DA:271,1003
DA:277,7
DA:278,7
DA:279,7
DA:280,7
DA:281,7
DA:282,7
DA:283,7
DA:284,7
DA:286,7
DA:287,7
DA:288,7
DA:289,7
DA:295,6
DA:296,6
DA:297,6
DA:298,6
DA:299,6
DA:300,6
DA:301,6
DA:302,6
DA:303,6
DA:304,6
DA:305,6
DA:311,127
DA:312,127
DA:313,127
DA:314,127
DA:315,127
DA:316,127
DA:317,127
DA:320,14
DA:321,14
DA:322,14
DA:323,14
DA:324,155
DA:325,14
DA:326,14
DA:327,14
DA:333,7
DA:334,7
DA:335,7
DA:336,7
DA:337,7
DA:338,7
DA:339,7
DA:341,7
DA:342,7
DA:343,0
DA:344,7
DA:347,7
DA:349,7
DA:350,7
DA:351,7
DA:352,7
DA:353,7
DA:354,7
DA:355,7
DA:356,7
DA:357,7
DA:358,7
DA:364,6
DA:365,6
DA:366,6
DA:367,6
DA:368,6
DA:370,6
DA:371,6
DA:372,0
DA:373,6
DA:376,6
DA:377,0
DA:378,6
DA:380,7
DA:381,7
DA:382,7
DA:383,7
DA:384,7
DA:385,7
DA:386,2
DA:387,5
DA:390,4
DA:391,4
DA:392,4
DA:394,4
DA:395,4
DA:396,4
DA:397,4
DA:398,4
DA:399,4
DA:400,4
DA:401,4
DA:402,4
DA:403,6
DA:409,0
DA:410,0
DA:411,0
DA:412,0
DA:413,0
DA:415,0
DA:416,0
DA:417,0
DA:419,0
DA:420,0
DA:421,0
DA:422,0
DA:423,0
DA:426,0
DA:427,0
DA:429,0
DA:430,0
DA:431,0
DA:432,0
DA:433,0
DA:434,0
DA:435,0
DA:436,0
DA:438,0
DA:439,0
DA:440,0
DA:441,0
DA:442,0
DA:455,0
DA:465,0
DA:468,0
DA:469,0
DA:471,0
DA:472,0
DA:473,0
DA:474,0
DA:475,0
DA:476,0
DA:478,0
DA:480,0
DA:481,0
DA:482,0
DA:485,0
DA:486,0
DA:487,0
DA:488,0
DA:491,0
DA:492,0
DA:493,0
DA:496,0
DA:497,0
DA:499,0
DA:500,0
DA:501,0
DA:502,0
DA:503,0
DA:504,0
DA:505,0
DA:508,0
DA:509,0
DA:510,0
DA:511,0
DA:512,0
DA:514,0
DA:515,0
DA:516,0
DA:518,0
DA:521,0
DA:524,0
DA:526,0
DA:530,0
DA:531,0
DA:535,0
DA:538,0
DA:539,0
DA:540,0
DA:541,0
DA:542,0
DA:543,0
DA:544,0
DA:547,0
DA:548,0
DA:549,0
DA:550,0
DA:551,0
DA:552,0
DA:553,0
DA:554,0
DA:563,0
DA:566,0
DA:567,0
DA:568,0
DA:569,0
DA:570,0
DA:571,0
DA:572,0
DA:573,0
DA:574,0
DA:575,0
DA:576,0
DA:582,0
DA:583,0
DA:584,0
DA:585,0
DA:586,0
DA:587,0
DA:588,0
DA:589,0
DA:590,0
DA:592,0
DA:593,0
DA:596,0
DA:597,0
DA:598,0
DA:599,0
DA:600,0
DA:601,0
DA:603,0
DA:604,0
DA:605,0
DA:607,0
DA:608,0
DA:609,0
DA:612,0
DA:613,0
DA:614,0
DA:615,0
DA:618,0
DA:619,0
DA:620,0
DA:621,0
DA:635,13
DA:636,13
DA:637,13
DA:638,13
DA:639,13
DA:641,13
DA:644,1
DA:645,1
DA:646,1
DA:647,1
DA:648,1
DA:649,1
DA:651,1
DA:653,1
DA:654,1
DA:655,1
DA:656,1
DA:657,1
DA:658,1
DA:662,1
DA:663,1
DA:664,1
DA:665,1
DA:666,1
DA:667,1
DA:671,1
DA:672,1
DA:673,1
DA:674,1
DA:675,1
DA:676,1
DA:677,1
DA:678,1
DA:679,1
DA:682,1
DA:683,1
DA:684,1
DA:685,1
DA:687,1
DA:689,1
DA:693,1
DA:694,1
DA:695,1
DA:696,1
DA:698,1
DA:699,1
DA:700,1
DA:701,1
DA:703,1
DA:704,1
DA:705,1
DA:708,1
DA:709,1
DA:710,1
DA:712,1
DA:714,1
DA:718,1
DA:719,1
DA:720,1
DA:721,1
DA:723,1
DA:724,1
DA:727,1
DA:728,1
DA:729,1
DA:730,1
DA:731,1
DA:732,1
DA:734,1
DA:736,1
DA:738,1
DA:741,1
DA:742,1
DA:743,1
DA:744,1
DA:745,1
DA:746,1
DA:748,1
DA:749,1
DA:750,1
DA:751,1
DA:753,1
DA:754,1
DA:755,1
DA:756,1
DA:757,1
DA:758,1
DA:759,1
DA:760,1
DA:761,1
DA:762,1
DA:763,1
DA:764,1
DA:765,1
DA:768,1
DA:769,1
DA:770,1
DA:771,1
DA:772,1
DA:773,1
DA:774,1
DA:776,1
DA:777,1
DA:778,1
DA:779,1
DA:782,1
DA:783,1
DA:784,1
DA:785,1
DA:787,1
DA:788,1
DA:789,1
DA:790,1
DA:791,1
DA:792,1
DA:793,1
DA:796,1
DA:797,1
DA:798,1
DA:799,1
DA:800,1
DA:801,1
DA:802,1
DA:804,1
DA:805,1
DA:806,1
DA:807,1
DA:810,1
DA:811,1
DA:812,1
DA:815,1
DA:816,1
DA:817,1
DA:818,1
DA:819,1
DA:820,1
DA:821,1
DA:823,1
DA:824,1
DA:825,1
DA:826,1
DA:829,1
DA:830,1
DA:831,1
DA:834,1
DA:835,1
DA:836,1
DA:838,1
DA:839,1
DA:840,5
DA:841,5
DA:842,5
DA:843,5
DA:844,5
DA:847,2
DA:848,2
DA:849,2
DA:850,2
DA:851,2
DA:854,1
DA:856,1
DA:857,1
DA:858,1
DA:859,1
DA:860,1
DA:863,1
DA:864,1
DA:865,1
DA:866,1
DA:867,4
DA:868,4
DA:869,4
DA:870,4
DA:871,4
DA:874,1
DA:876,4
DA:877,4
DA:878,4
DA:879,4
DA:880,4
DA:881,1
DA:882,1
DA:883,1
DA:884,1
DA:887,1
DA:888,1
DA:889,1
DA:890,1
DA:891,1
DA:892,1
DA:894,1
DA:895,1
DA:896,1
DA:897,1
DA:898,1
DA:899,1
DA:900,1
DA:903,1
DA:904,1
DA:905,1
DA:906,1
DA:907,1
DA:908,1
DA:910,1
DA:911,1
DA:912,1
DA:915,1
DA:916,1
DA:917,1
DA:918,1
DA:919,1
DA:922,1
DA:923,1
DA:924,1
DA:925,1
DA:926,1
DA:927,1
DA:928,1
DA:929,1
DA:931,1
DA:932,1
DA:933,1
BRF:0
BRH:0
LF:640
LH:493
end_of_record
SF:/home/lokis/Documents/AI-Native-Kernel/crates/agent-scheduler/src/supervisor.rs
FN:35,_RNvMNtCs4ATkuxJMDK0_15agent_scheduler10supervisorNtB2_17SupervisorService13monitor_agent
FN:69,_RNvMNtCs4ATkuxJMDK0_15agent_scheduler10supervisorNtB2_17SupervisorService13restart_agent
FN:98,_RNvMNtCs4ATkuxJMDK0_15agent_scheduler10supervisorNtB2_17SupervisorService21reset_restart_counter
FN:106,_RNvMNtCs4ATkuxJMDK0_15agent_scheduler10supervisorNtB2_17SupervisorService21start_monitoring_loop
FN:112,_RNvMNtCs4ATkuxJMDK0_15agent_scheduler10supervisorNtB2_17SupervisorService27start_monitoring_loop_until
FN:21,_RNvMNtCs4ATkuxJMDK0_15agent_scheduler10supervisorNtB2_17SupervisorService3new
FN:135,_RNCNCNvMNtCs4ATkuxJMDK0_15agent_scheduler10supervisorNtB6_17SupervisorService27start_monitoring_loop_until00B8_
FN:35,_RNCNvMNtCs4ATkuxJMDK0_15agent_scheduler10supervisorNtB4_17SupervisorService13monitor_agent0B6_
FN:69,_RNCNvMNtCs4ATkuxJMDK0_15agent_scheduler10supervisorNtB4_17SupervisorService13restart_agent0B6_
FN:98,_RNCNvMNtCs4ATkuxJMDK0_15agent_scheduler10supervisorNtB4_17SupervisorService21reset_restart_counter0B6_
FN:106,_RNCNvMNtCs4ATkuxJMDK0_15agent_scheduler10supervisorNtB4_17SupervisorService21start_monitoring_loop0B6_
FN:112,_RNCNvMNtCs4ATkuxJMDK0_15agent_scheduler10supervisorNtB4_17SupervisorService27start_monitoring_loop_until0B6_
FN:215,_RNCNCNvNtNtCs4ATkuxJMDK0_15agent_scheduler10supervisor5testss_36test_supervisor_loop_fault_injection00B9_
FN:204,_RNCNvNtNtCs4ATkuxJMDK0_15agent_scheduler10supervisor5testss_36test_supervisor_loop_fault_injection0B7_
FN:155,_RNCNvNtNtCs4ATkuxJMDK0_15agent_scheduler10supervisor5testss_37test_supervisor_restarts_failed_agent0B7_
FN:179,_RNCNvNtNtCs4ATkuxJMDK0_15agent_scheduler10supervisor5testss_43test_supervisor_gives_up_after_max_restarts0B7_
FN:204,_RNvNtNtCs4ATkuxJMDK0_15agent_scheduler10supervisor5testss_36test_supervisor_loop_fault_injection
FN:155,_RNvNtNtCs4ATkuxJMDK0_15agent_scheduler10supervisor5testss_37test_supervisor_restarts_failed_agent
FN:179,_RNvNtNtCs4ATkuxJMDK0_15agent_scheduler10supervisor5testss_43test_supervisor_gives_up_after_max_restarts
FN:35,_RNCNvMNtCsljdnD5lSkbI_15agent_scheduler10supervisorNtB4_17SupervisorService13monitor_agent0Cs56hN5CfNqOK_5chaos
FN:69,_RNCNvMNtCsljdnD5lSkbI_15agent_scheduler10supervisorNtB4_17SupervisorService13restart_agent0Cs56hN5CfNqOK_5chaos
FN:98,_RNCNvMNtCsljdnD5lSkbI_15agent_scheduler10supervisorNtB4_17SupervisorService21reset_restart_counter0Cs56hN5CfNqOK_5chaos
FN:35,_RNvMNtCsljdnD5lSkbI_15agent_scheduler10supervisorNtB2_17SupervisorService13monitor_agent
FN:69,_RNvMNtCsljdnD5lSkbI_15agent_scheduler10supervisorNtB2_17SupervisorService13restart_agent
FN:98,_RNvMNtCsljdnD5lSkbI_15agent_scheduler10supervisorNtB2_17SupervisorService21reset_restart_counter
FN:106,_RNvMNtCsljdnD5lSkbI_15agent_scheduler10supervisorNtB2_17SupervisorService21start_monitoring_loop
FN:112,_RNvMNtCsljdnD5lSkbI_15agent_scheduler10supervisorNtB2_17SupervisorService27start_monitoring_loop_until
FN:21,_RNvMNtCsljdnD5lSkbI_15agent_scheduler10supervisorNtB2_17SupervisorService3new
FN:35,_RNCNvMNtCsljdnD5lSkbI_15agent_scheduler10supervisorNtB4_17SupervisorService13monitor_agent0CsfbobxqkLRqr_12e2e_pipeline
FN:69,_RNCNvMNtCsljdnD5lSkbI_15agent_scheduler10supervisorNtB4_17SupervisorService13restart_agent0CsfbobxqkLRqr_12e2e_pipeline
FN:98,_RNCNvMNtCsljdnD5lSkbI_15agent_scheduler10supervisorNtB4_17SupervisorService21reset_restart_counter0CsfbobxqkLRqr_12e2e_pipeline
FN:135,_RNCNCNvMNtCsljdnD5lSkbI_15agent_scheduler10supervisorNtB6_17SupervisorService27start_monitoring_loop_until00CseLUTM0PnGP2_16kernel_companion
FN:35,_RNCNvMNtCsljdnD5lSkbI_15agent_scheduler10supervisorNtB4_17SupervisorService13monitor_agent0CseLUTM0PnGP2_16kernel_companion
FN:69,_RNCNvMNtCsljdnD5lSkbI_15agent_scheduler10supervisorNtB4_17SupervisorService13restart_agent0CseLUTM0PnGP2_16kernel_companion
FN:98,_RNCNvMNtCsljdnD5lSkbI_15agent_scheduler10supervisorNtB4_17SupervisorService21reset_restart_counter0CseLUTM0PnGP2_16kernel_companion
FN:112,_RNCNvMNtCsljdnD5lSkbI_15agent_scheduler10supervisorNtB4_17SupervisorService27start_monitoring_loop_until0CseLUTM0PnGP2_16kernel_companion
FN:135,_RNCNCNvMNtCsljdnD5lSkbI_15agent_scheduler10supervisorNtB6_17SupervisorService27start_monitoring_loop_until00CshG9qMLwq2HM_16kernel_companion
FN:35,_RNCNvMNtCsljdnD5lSkbI_15agent_scheduler10supervisorNtB4_17SupervisorService13monitor_agent0CshG9qMLwq2HM_16kernel_companion
FN:69,_RNCNvMNtCsljdnD5lSkbI_15agent_scheduler10supervisorNtB4_17SupervisorService13restart_agent0CshG9qMLwq2HM_16kernel_companion
FN:98,_RNCNvMNtCsljdnD5lSkbI_15agent_scheduler10supervisorNtB4_17SupervisorService21reset_restart_counter0CshG9qMLwq2HM_16kernel_companion
FN:112,_RNCNvMNtCsljdnD5lSkbI_15agent_scheduler10supervisorNtB4_17SupervisorService27start_monitoring_loop_until0CshG9qMLwq2HM_16kernel_companion
FN:35,_RNCNvMNtCsljdnD5lSkbI_15agent_scheduler10supervisorNtB4_17SupervisorService13monitor_agent0CscMnwIHTVX4e_8pipeline
FN:69,_RNCNvMNtCsljdnD5lSkbI_15agent_scheduler10supervisorNtB4_17SupervisorService13restart_agent0CscMnwIHTVX4e_8pipeline
FN:98,_RNCNvMNtCsljdnD5lSkbI_15agent_scheduler10supervisorNtB4_17SupervisorService21reset_restart_counter0CscMnwIHTVX4e_8pipeline
FNDA:6,_RNvMNtCs4ATkuxJMDK0_15agent_scheduler10supervisorNtB2_17SupervisorService13monitor_agent
FNDA:2,_RNvMNtCs4ATkuxJMDK0_15agent_scheduler10supervisorNtB2_17SupervisorService13restart_agent
FNDA:1,_RNvMNtCs4ATkuxJMDK0_15agent_scheduler10supervisorNtB2_17SupervisorService21reset_restart_counter
FNDA:1,_RNvMNtCs4ATkuxJMDK0_15agent_scheduler10supervisorNtB2_17SupervisorService21start_monitoring_loop
FNDA:1,_RNvMNtCs4ATkuxJMDK0_15agent_scheduler10supervisorNtB2_17SupervisorService27start_monitoring_loop_until
FNDA:16,_RNvMNtCs4ATkuxJMDK0_15agent_scheduler10supervisorNtB2_17SupervisorService3new
FNDA:4,_RNCNCNvMNtCs4ATkuxJMDK0_15agent_scheduler10supervisorNtB6_17SupervisorService27start_monitoring_loop_until00B8_
FNDA:6,_RNCNvMNtCs4ATkuxJMDK0_15agent_scheduler10supervisorNtB4_17SupervisorService13monitor_agent0B6_
FNDA:2,_RNCNvMNtCs4ATkuxJMDK0_15agent_scheduler10supervisorNtB4_17SupervisorService13restart_agent0B6_
FNDA:1,_RNCNvMNtCs4ATkuxJMDK0_15agent_scheduler10supervisorNtB4_17SupervisorService21reset_restart_counter0B6_
FNDA:1,_RNCNvMNtCs4ATkuxJMDK0_15agent_scheduler10supervisorNtB4_17SupervisorService21start_monitoring_loop0B6_
FNDA:1,_RNCNvMNtCs4ATkuxJMDK0_15agent_scheduler10supervisorNtB4_17SupervisorService27start_monitoring_loop_until0B6_
FNDA:1,_RNCNCNvNtNtCs4ATkuxJMDK0_15agent_scheduler10supervisor5testss_36test_supervisor_loop_fault_injection00B9_
FNDA:1,_RNCNvNtNtCs4ATkuxJMDK0_15agent_scheduler10supervisor5testss_36test_supervisor_loop_fault_injection0B7_
FNDA:1,_RNCNvNtNtCs4ATkuxJMDK0_15agent_scheduler10supervisor5testss_37test_supervisor_restarts_failed_agent0B7_
FNDA:1,_RNCNvNtNtCs4ATkuxJMDK0_15agent_scheduler10supervisor5testss_43test_supervisor_gives_up_after_max_restarts0B7_
FNDA:1,_RNvNtNtCs4ATkuxJMDK0_15agent_scheduler10supervisor5testss_36test_supervisor_loop_fault_injection
FNDA:1,_RNvNtNtCs4ATkuxJMDK0_15agent_scheduler10supervisor5testss_37test_supervisor_restarts_failed_agent
FNDA:1,_RNvNtNtCs4ATkuxJMDK0_15agent_scheduler10supervisor5testss_43test_supervisor_gives_up_after_max_restarts
FNDA:1000,_RNCNvMNtCsljdnD5lSkbI_15agent_scheduler10supervisorNtB4_17SupervisorService13monitor_agent0Cs56hN5CfNqOK_5chaos
FNDA:1000,_RNCNvMNtCsljdnD5lSkbI_15agent_scheduler10supervisorNtB4_17SupervisorService13restart_agent0Cs56hN5CfNqOK_5chaos
FNDA:0,_RNCNvMNtCsljdnD5lSkbI_15agent_scheduler10supervisorNtB4_17SupervisorService21reset_restart_counter0Cs56hN5CfNqOK_5chaos
FNDA:1007,_RNvMNtCsljdnD5lSkbI_15agent_scheduler10supervisorNtB2_17SupervisorService13monitor_agent
FNDA:1006,_RNvMNtCsljdnD5lSkbI_15agent_scheduler10supervisorNtB2_17SupervisorService13restart_agent
FNDA:0,_RNvMNtCsljdnD5lSkbI_15agent_scheduler10supervisorNtB2_17SupervisorService21reset_restart_counter
FNDA:0,_RNvMNtCsljdnD5lSkbI_15agent_scheduler10supervisorNtB2_17SupervisorService21start_monitoring_loop
FNDA:2,_RNvMNtCsljdnD5lSkbI_15agent_scheduler10supervisorNtB2_17SupervisorService27start_monitoring_loop_until
FNDA:26,_RNvMNtCsljdnD5lSkbI_15agent_scheduler10supervisorNtB2_17SupervisorService3new
FNDA:1,_RNCNvMNtCsljdnD5lSkbI_15agent_scheduler10supervisorNtB4_17SupervisorService13monitor_agent0CsfbobxqkLRqr_12e2e_pipeline
FNDA:1,_RNCNvMNtCsljdnD5lSkbI_15agent_scheduler10supervisorNtB4_17SupervisorService13restart_agent0CsfbobxqkLRqr_12e2e_pipeline
FNDA:0,_RNCNvMNtCsljdnD5lSkbI_15agent_scheduler10supervisorNtB4_17SupervisorService21reset_restart_counter0CsfbobxqkLRqr_12e2e_pipeline
FNDA:1,_RNCNCNvMNtCsljdnD5lSkbI_15agent_scheduler10supervisorNtB6_17SupervisorService27start_monitoring_loop_until00CseLUTM0PnGP2_16kernel_companion
FNDA:1,_RNCNvMNtCsljdnD5lSkbI_15agent_scheduler10supervisorNtB4_17SupervisorService13monitor_agent0CseLUTM0PnGP2_16kernel_companion
FNDA:0,_RNCNvMNtCsljdnD5lSkbI_15agent_scheduler10supervisorNtB4_17SupervisorService13restart_agent0CseLUTM0PnGP2_16kernel_companion
FNDA:0,_RNCNvMNtCsljdnD5lSkbI_15agent_scheduler10supervisorNtB4_17SupervisorService21reset_restart_counter0CseLUTM0PnGP2_16kernel_companion
FNDA:2,_RNCNvMNtCsljdnD5lSkbI_15agent_scheduler10supervisorNtB4_17SupervisorService27start_monitoring_loop_until0CseLUTM0PnGP2_16kernel_companion
FNDA:0,_RNCNCNvMNtCsljdnD5lSkbI_15agent_scheduler10supervisorNtB6_17SupervisorService27start_monitoring_loop_until00CshG9qMLwq2HM_16kernel_companion
FNDA:0,_RNCNvMNtCsljdnD5lSkbI_15agent_scheduler10supervisorNtB4_17SupervisorService13monitor_agent0CshG9qMLwq2HM_16kernel_companion
FNDA:0,_RNCNvMNtCsljdnD5lSkbI_15agent_scheduler10supervisorNtB4_17SupervisorService13restart_agent0CshG9qMLwq2HM_16kernel_companion
FNDA:0,_RNCNvMNtCsljdnD5lSkbI_15agent_scheduler10supervisorNtB4_17SupervisorService21reset_restart_counter0CshG9qMLwq2HM_16kernel_companion
FNDA:0,_RNCNvMNtCsljdnD5lSkbI_15agent_scheduler10supervisorNtB4_17SupervisorService27start_monitoring_loop_until0CshG9qMLwq2HM_16kernel_companion
FNDA:5,_RNCNvMNtCsljdnD5lSkbI_15agent_scheduler10supervisorNtB4_17SupervisorService13monitor_agent0CscMnwIHTVX4e_8pipeline
FNDA:5,_RNCNvMNtCsljdnD5lSkbI_15agent_scheduler10supervisorNtB4_17SupervisorService13restart_agent0CscMnwIHTVX4e_8pipeline
FNDA:0,_RNCNvMNtCsljdnD5lSkbI_15agent_scheduler10supervisorNtB4_17SupervisorService21reset_restart_counter0CscMnwIHTVX4e_8pipeline
FNF:19
FNH:19
DA:21,42
DA:22,42
DA:23,42
DA:24,42
DA:25,42
DA:26,42
DA:27,42
DA:28,42
DA:29,42
DA:30,42
DA:31,42
DA:35,1013
DA:36,1013
DA:40,1009
DA:42,1008
DA:43,1008
DA:44,1008
DA:45,1008
DA:48,1008
DA:49,1008
DA:52,1
DA:58,4
DA:59,1
DA:60,3
DA:61,4
DA:64,0
DA:66,1013
DA:69,1008
DA:72,1008
DA:73,1008
DA:74,1008
DA:75,1008
DA:76,1008
DA:77,1008
DA:78,0
DA:83,1008
DA:87,1008
DA:88,1008
DA:89,1008
DA:90,1008
DA:92,0
DA:95,1008
DA:98,1
DA:99,1
DA:100,1
DA:101,1
DA:102,1
DA:103,1
DA:106,1
DA:107,1
DA:108,1
DA:109,0
DA:112,3
DA:113,3
DA:116,10
DA:117,10
DA:118,10
DA:119,2
DA:120,2
DA:121,0
DA:126,7
DA:127,7
DA:128,7
DA:132,7
DA:133,7
DA:134,5
DA:135,5
DA:136,5
DA:137,5
DA:140,12
DA:142,2
DA:155,1
DA:156,1
DA:158,1
DA:159,1
DA:160,1
DA:162,1
DA:165,1
DA:166,1
DA:167,1
DA:170,1
DA:171,1
DA:173,1
DA:174,1
DA:175,1
DA:176,1
DA:179,1
DA:180,1
DA:182,1
DA:183,1
DA:184,1
DA:185,1
DA:187,1
DA:190,1
DA:191,1
DA:192,1
DA:195,1
DA:196,1
DA:198,1
DA:199,1
DA:200,1
DA:201,1
DA:204,1
DA:205,1
DA:207,1
DA:208,1
DA:209,1
DA:211,1
DA:214,1
DA:215,1
DA:216,1
DA:217,0
DA:220,1
DA:224,1
DA:225,1
DA:226,1
DA:227,1
DA:231,1
DA:234,1
DA:235,1
DA:236,1
DA:237,1
DA:238,1
DA:239,1
DA:240,1
DA:241,1
DA:242,1
BRF:0
BRH:0
LF:143
LH:137
end_of_record
SF:/home/lokis/Documents/AI-Native-Kernel/crates/capability-security/src/audit.rs
FN:112,_RNvMNtCs2FiXohbFBIi_19capability_security5auditNtB2_10AuditEntry14process_killed
FN:90,_RNvMNtCs2FiXohbFBIi_19capability_security5auditNtB2_10AuditEntry14syscall_denied
FN:101,_RNvMNtCs2FiXohbFBIi_19capability_security5auditNtB2_10AuditEntry19process_quarantined
FN:47,_RNvMNtCs2FiXohbFBIi_19capability_security5auditNtB2_10AuditEntry3new
FN:78,_RNvMNtCs2FiXohbFBIi_19capability_security5auditNtB2_10AuditEntry6denied
FN:66,_RNvMNtCs2FiXohbFBIi_19capability_security5auditNtB2_10AuditEntry6issued
FN:72,_RNvMNtCs2FiXohbFBIi_19capability_security5auditNtB2_10AuditEntry7allowed
FN:84,_RNvMNtCs2FiXohbFBIi_19capability_security5auditNtB2_10AuditEntry7revoked
FN:132,_RNvMs_NtCs2FiXohbFBIi_19capability_security5auditNtB4_11AuditLogger3new
FN:137,_RNvMs_NtCs2FiXohbFBIi_19capability_security5auditNtB4_11AuditLogger6record
FN:152,_RNvMs_NtCs2FiXohbFBIi_19capability_security5auditNtB4_11AuditLogger7entries
FN:168,_RNvXs0_NtCs2FiXohbFBIi_19capability_security5auditNtB5_11AuditLoggerNtNtCs13ARFDxRLcQ_4core7default7Default7default
FN:47,_RNvMNtCsbxLU5GFwH79_19capability_security5auditNtB2_10AuditEntry3new
FN:78,_RNvMNtCsbxLU5GFwH79_19capability_security5auditNtB2_10AuditEntry6denied
FN:66,_RNvMNtCsbxLU5GFwH79_19capability_security5auditNtB2_10AuditEntry6issued
FN:72,_RNvMNtCsbxLU5GFwH79_19capability_security5auditNtB2_10AuditEntry7allowed
FN:84,_RNvMNtCsbxLU5GFwH79_19capability_security5auditNtB2_10AuditEntry7revoked
FN:132,_RNvMs_NtCsbxLU5GFwH79_19capability_security5auditNtB4_11AuditLogger3new
FN:137,_RNvMs_NtCsbxLU5GFwH79_19capability_security5auditNtB4_11AuditLogger6record
FN:152,_RNvMs_NtCsbxLU5GFwH79_19capability_security5auditNtB4_11AuditLogger7entries
FN:177,_RNvNtNtCsbxLU5GFwH79_19capability_security5audit5tests13test_log_path
FN:204,_RNvNtNtCsbxLU5GFwH79_19capability_security5audit5testss_31entries_skip_invalid_json_lines
FN:184,_RNvNtNtCsbxLU5GFwH79_19capability_security5audit5testss_36record_and_reload_entries_round_trip
FN:222,_RNvNtNtCsbxLU5GFwH79_19capability_security5audit5testss_40helper_constructors_use_expected_actions
FN:112,_RNvMNtCsbxLU5GFwH79_19capability_security5auditNtB2_10AuditEntry14process_killed
FN:90,_RNvMNtCsbxLU5GFwH79_19capability_security5auditNtB2_10AuditEntry14syscall_denied
FN:101,_RNvMNtCsbxLU5GFwH79_19capability_security5auditNtB2_10AuditEntry19process_quarantined
FN:168,_RNvXs0_NtCsbxLU5GFwH79_19capability_security5auditNtB5_11AuditLoggerNtNtCs13ARFDxRLcQ_4core7default7Default7default
FNDA:0,_RNvMNtCs2FiXohbFBIi_19capability_security5auditNtB2_10AuditEntry14process_killed
FNDA:0,_RNvMNtCs2FiXohbFBIi_19capability_security5auditNtB2_10AuditEntry14syscall_denied
FNDA:0,_RNvMNtCs2FiXohbFBIi_19capability_security5auditNtB2_10AuditEntry19process_quarantined
FNDA:10061,_RNvMNtCs2FiXohbFBIi_19capability_security5auditNtB2_10AuditEntry3new
FNDA:19,_RNvMNtCs2FiXohbFBIi_19capability_security5auditNtB2_10AuditEntry6denied
FNDA:20,_RNvMNtCs2FiXohbFBIi_19capability_security5auditNtB2_10AuditEntry6issued
FNDA:10019,_RNvMNtCs2FiXohbFBIi_19capability_security5auditNtB2_10AuditEntry7allowed
FNDA:3,_RNvMNtCs2FiXohbFBIi_19capability_security5auditNtB2_10AuditEntry7revoked
FNDA:45,_RNvMs_NtCs2FiXohbFBIi_19capability_security5auditNtB4_11AuditLogger3new
FNDA:10061,_RNvMs_NtCs2FiXohbFBIi_19capability_security5auditNtB4_11AuditLogger6record
FNDA:3,_RNvMs_NtCs2FiXohbFBIi_19capability_security5auditNtB4_11AuditLogger7entries
FNDA:36,_RNvXs0_NtCs2FiXohbFBIi_19capability_security5auditNtB5_11AuditLoggerNtNtCs13ARFDxRLcQ_4core7default7Default7default
FNDA:34,_RNvMNtCsbxLU5GFwH79_19capability_security5auditNtB2_10AuditEntry3new
FNDA:11,_RNvMNtCsbxLU5GFwH79_19capability_security5auditNtB2_10AuditEntry6denied
FNDA:9,_RNvMNtCsbxLU5GFwH79_19capability_security5auditNtB2_10AuditEntry6issued
FNDA:10,_RNvMNtCsbxLU5GFwH79_19capability_security5auditNtB2_10AuditEntry7allowed
FNDA:4,_RNvMNtCsbxLU5GFwH79_19capability_security5auditNtB2_10AuditEntry7revoked
FNDA:10,_RNvMs_NtCsbxLU5GFwH79_19capability_security5auditNtB4_11AuditLogger3new
FNDA:30,_RNvMs_NtCsbxLU5GFwH79_19capability_security5auditNtB4_11AuditLogger6record
FNDA:5,_RNvMs_NtCsbxLU5GFwH79_19capability_security5auditNtB4_11AuditLogger7entries
FNDA:2,_RNvNtNtCsbxLU5GFwH79_19capability_security5audit5tests13test_log_path
FNDA:1,_RNvNtNtCsbxLU5GFwH79_19capability_security5audit5testss_31entries_skip_invalid_json_lines
FNDA:1,_RNvNtNtCsbxLU5GFwH79_19capability_security5audit5testss_36record_and_reload_entries_round_trip
FNDA:1,_RNvNtNtCsbxLU5GFwH79_19capability_security5audit5testss_40helper_constructors_use_expected_actions
FNDA:0,_RNvMNtCsbxLU5GFwH79_19capability_security5auditNtB2_10AuditEntry14process_killed
FNDA:0,_RNvMNtCsbxLU5GFwH79_19capability_security5auditNtB2_10AuditEntry14syscall_denied
FNDA:0,_RNvMNtCsbxLU5GFwH79_19capability_security5auditNtB2_10AuditEntry19process_quarantined
FNDA:0,_RNvXs0_NtCsbxLU5GFwH79_19capability_security5auditNtB5_11AuditLoggerNtNtCs13ARFDxRLcQ_4core7default7Default7default
FNF:16
FNH:13
DA:47,10095
DA:48,10095
DA:49,10095
DA:50,10095
DA:51,10095
DA:52,10095
DA:53,10095
DA:54,10095
DA:55,10095
DA:56,10095
DA:57,10095
DA:58,10095
DA:59,10095
DA:60,10095
DA:61,10095
DA:62,10095
DA:66,29
DA:67,29
DA:68,29
DA:72,10029
DA:73,10029
DA:74,10029
DA:78,30
DA:79,30
DA:80,30
DA:84,7
DA:85,7
DA:86,7
DA:90,0
DA:91,0
DA:92,0
DA:93,0
DA:94,0
DA:95,0
DA:96,0
DA:97,0
DA:101,0
DA:102,0
DA:103,0
DA:104,0
DA:105,0
DA:106,0
DA:107,0
DA:108,0
DA:112,0
DA:113,0
DA:114,0
DA:115,0
DA:116,0
DA:117,0
DA:118,0
DA:119,0
DA:132,55
DA:133,55
DA:134,55
DA:137,10091
DA:140,10091
DA:141,10091
DA:142,10091
DA:143,10091
DA:144,10091
DA:145,10090
DA:146,10090
DA:147,10090
DA:148,10091
DA:152,8
DA:153,8
DA:154,8
DA:155,8
DA:156,52
DA:157,52
DA:158,51
DA:159,51
DA:161,0
DA:162,8
DA:163,8
DA:168,36
DA:169,36
DA:170,36
DA:177,2
DA:178,2
DA:179,2
DA:180,2
DA:181,2
DA:184,1
DA:185,1
DA:186,1
DA:188,1
DA:189,1
DA:190,1
DA:191,1
DA:192,1
DA:193,1
DA:195,1
DA:196,1
DA:197,1
DA:198,1
DA:200,1
DA:201,1
DA:204,1
DA:205,1
DA:206,1
DA:207,1
DA:210,1
DA:212,1
DA:213,1
DA:215,1
DA:216,1
DA:218,1
DA:219,1
DA:222,1
DA:223,1
DA:224,1
DA:225,1
DA:226,1
DA:227,1
BRF:0
BRH:0
LF:116
LH:91
end_of_record
SF:/home/lokis/Documents/AI-Native-Kernel/crates/capability-security/src/lib.rs
FN:69,_RNvCs2FiXohbFBIi_19capability_security16constant_time_eq
FN:168,_RNvMCs2FiXohbFBIi_19capability_securityNtB2_25CapabilitySecurityManager10is_revoked
FN:121,_RNvMCs2FiXohbFBIi_19capability_securityNtB2_25CapabilitySecurityManager11issue_token
FN:275,_RNvMCs2FiXohbFBIi_19capability_securityNtB2_25CapabilitySecurityManager12decision_for
FN:152,_RNvMCs2FiXohbFBIi_19capability_securityNtB2_25CapabilitySecurityManager12revoke_token
FN:340,_RNvMCs2FiXohbFBIi_19capability_securityNtB2_25CapabilitySecurityManager13audit_entries
FN:177,_RNvMCs2FiXohbFBIi_19capability_securityNtB2_25CapabilitySecurityManager13revoked_count
FN:186,_RNvMCs2FiXohbFBIi_19capability_securityNtB2_25CapabilitySecurityManager15authorize_token
FN:85,_RNvMCs2FiXohbFBIi_19capability_securityNtB2_25CapabilitySecurityManager15with_rate_limit
FN:100,_RNvMCs2FiXohbFBIi_19capability_securityNtB2_25CapabilitySecurityManager17new_with_log_path
FN:105,_RNvMCs2FiXohbFBIi_19capability_securityNtB2_25CapabilitySecurityManager26new_with_log_path_and_rate
FN:80,_RNvMCs2FiXohbFBIi_19capability_securityNtB2_25CapabilitySecurityManager3new
FN:211,_RNvMCs2FiXohbFBIi_19capability_securityNtB2_25CapabilitySecurityManager8validate
FN:347,_RNvXs_Cs2FiXohbFBIi_19capability_securityNtB4_25CapabilitySecurityManagerNtNtCs13ARFDxRLcQ_4core7default7Default7default
FN:127,_RNCNvMCs2FiXohbFBIi_19capability_securityNtB4_25CapabilitySecurityManager11issue_token0B4_
FN:69,_RNvCsbxLU5GFwH79_19capability_security16constant_time_eq
FN:168,_RNvMCsbxLU5GFwH79_19capability_securityNtB2_25CapabilitySecurityManager10is_revoked
FN:121,_RNvMCsbxLU5GFwH79_19capability_securityNtB2_25CapabilitySecurityManager11issue_token
FN:275,_RNvMCsbxLU5GFwH79_19capability_securityNtB2_25CapabilitySecurityManager12decision_for
FN:152,_RNvMCsbxLU5GFwH79_19capability_securityNtB2_25CapabilitySecurityManager12revoke_token
FN:340,_RNvMCsbxLU5GFwH79_19capability_securityNtB2_25CapabilitySecurityManager13audit_entries
FN:177,_RNvMCsbxLU5GFwH79_19capability_securityNtB2_25CapabilitySecurityManager13revoked_count
FN:186,_RNvMCsbxLU5GFwH79_19capability_securityNtB2_25CapabilitySecurityManager15authorize_token
FN:100,_RNvMCsbxLU5GFwH79_19capability_securityNtB2_25CapabilitySecurityManager17new_with_log_path
FN:105,_RNvMCsbxLU5GFwH79_19capability_securityNtB2_25CapabilitySecurityManager26new_with_log_path_and_rate
FN:211,_RNvMCsbxLU5GFwH79_19capability_securityNtB2_25CapabilitySecurityManager8validate
FN:360,_RNvNtCsbxLU5GFwH79_19capability_security5testss_24issue_and_validate_token
FN:584,_RNvNtCsbxLU5GFwH79_19capability_security5testss_33revoke_nonexistent_token_succeeds
FN:500,_RNvNtCsbxLU5GFwH79_19capability_security5testss_34audit_write_failure_is_fail_closed
FN:597,_RNvNtCsbxLU5GFwH79_19capability_security5testss_34revoked_token_logs_denied_in_audit
FN:397,_RNvNtCsbxLU5GFwH79_19capability_security5testss_37rejects_expired_or_unauthorized_token
FN:523,_RNvNtCsbxLU5GFwH79_19capability_security5testss_37revoke_token_denies_subsequent_access
FN:464,_RNvNtCsbxLU5GFwH79_19capability_security5testss_39deny_capability_not_in_policy_allowlist
FN:434,_RNvNtCsbxLU5GFwH79_19capability_security5testss_40global_scope_can_authorize_across_scopes
FN:619,_RNCNvNtCsbxLU5GFwH79_19capability_security5testss_34revoked_token_logs_denied_in_audit0B5_
FN:628,_RNCNvNtCsbxLU5GFwH79_19capability_security5testss_34revoked_token_logs_denied_in_audits_0B5_
FN:127,_RNCNvMCsbxLU5GFwH79_19capability_securityNtB4_25CapabilitySecurityManager11issue_token0B4_
FN:85,_RNvMCsbxLU5GFwH79_19capability_securityNtB2_25CapabilitySecurityManager15with_rate_limit
FN:80,_RNvMCsbxLU5GFwH79_19capability_securityNtB2_25CapabilitySecurityManager3new
FN:347,_RNvXs_CsbxLU5GFwH79_19capability_securityNtB4_25CapabilitySecurityManagerNtNtCs13ARFDxRLcQ_4core7default7Default7default
FNDA:23,_RNvCs2FiXohbFBIi_19capability_security16constant_time_eq
FNDA:10038,_RNvMCs2FiXohbFBIi_19capability_securityNtB2_25CapabilitySecurityManager10is_revoked
FNDA:20,_RNvMCs2FiXohbFBIi_19capability_securityNtB2_25CapabilitySecurityManager11issue_token
FNDA:2,_RNvMCs2FiXohbFBIi_19capability_securityNtB2_25CapabilitySecurityManager12decision_for
FNDA:3,_RNvMCs2FiXohbFBIi_19capability_securityNtB2_25CapabilitySecurityManager12revoke_token
FNDA:3,_RNvMCs2FiXohbFBIi_19capability_securityNtB2_25CapabilitySecurityManager13audit_entries
FNDA:0,_RNvMCs2FiXohbFBIi_19capability_securityNtB2_25CapabilitySecurityManager13revoked_count
FNDA:10013,_RNvMCs2FiXohbFBIi_19capability_securityNtB2_25CapabilitySecurityManager15authorize_token
FNDA:36,_RNvMCs2FiXohbFBIi_19capability_securityNtB2_25CapabilitySecurityManager15with_rate_limit
FNDA:4,_RNvMCs2FiXohbFBIi_19capability_securityNtB2_25CapabilitySecurityManager17new_with_log_path
FNDA:7,_RNvMCs2FiXohbFBIi_19capability_securityNtB2_25CapabilitySecurityManager26new_with_log_path_and_rate
FNDA:36,_RNvMCs2FiXohbFBIi_19capability_securityNtB2_25CapabilitySecurityManager3new
FNDA:23,_RNvMCs2FiXohbFBIi_19capability_securityNtB2_25CapabilitySecurityManager8validate
FNDA:0,_RNvXs_Cs2FiXohbFBIi_19capability_securityNtB4_25CapabilitySecurityManagerNtNtCs13ARFDxRLcQ_4core7default7Default7default
FNDA:20,_RNCNvMCs2FiXohbFBIi_19capability_securityNtB4_25CapabilitySecurityManager11issue_token0B4_
FNDA:9,_RNvCsbxLU5GFwH79_19capability_security16constant_time_eq
FNDA:19,_RNvMCsbxLU5GFwH79_19capability_securityNtB2_25CapabilitySecurityManager10is_revoked
FNDA:7,_RNvMCsbxLU5GFwH79_19capability_securityNtB2_25CapabilitySecurityManager11issue_token
FNDA:6,_RNvMCsbxLU5GFwH79_19capability_securityNtB2_25CapabilitySecurityManager12decision_for
FNDA:3,_RNvMCsbxLU5GFwH79_19capability_securityNtB2_25CapabilitySecurityManager12revoke_token
FNDA:3,_RNvMCsbxLU5GFwH79_19capability_securityNtB2_25CapabilitySecurityManager13audit_entries
FNDA:1,_RNvMCsbxLU5GFwH79_19capability_securityNtB2_25CapabilitySecurityManager13revoked_count
FNDA:7,_RNvMCsbxLU5GFwH79_19capability_securityNtB2_25CapabilitySecurityManager15authorize_token
FNDA:8,_RNvMCsbxLU5GFwH79_19capability_securityNtB2_25CapabilitySecurityManager17new_with_log_path
FNDA:8,_RNvMCsbxLU5GFwH79_19capability_securityNtB2_25CapabilitySecurityManager26new_with_log_path_and_rate
FNDA:5,_RNvMCsbxLU5GFwH79_19capability_securityNtB2_25CapabilitySecurityManager8validate
FNDA:1,_RNvNtCsbxLU5GFwH79_19capability_security5testss_24issue_and_validate_token
FNDA:1,_RNvNtCsbxLU5GFwH79_19capability_security5testss_33revoke_nonexistent_token_succeeds
FNDA:1,_RNvNtCsbxLU5GFwH79_19capability_security5testss_34audit_write_failure_is_fail_closed
FNDA:1,_RNvNtCsbxLU5GFwH79_19capability_security5testss_34revoked_token_logs_denied_in_audit
FNDA:1,_RNvNtCsbxLU5GFwH79_19capability_security5testss_37rejects_expired_or_unauthorized_token
FNDA:1,_RNvNtCsbxLU5GFwH79_19capability_security5testss_37revoke_token_denies_subsequent_access
FNDA:1,_RNvNtCsbxLU5GFwH79_19capability_security5testss_39deny_capability_not_in_policy_allowlist
FNDA:1,_RNvNtCsbxLU5GFwH79_19capability_security5testss_40global_scope_can_authorize_across_scopes
FNDA:3,_RNCNvNtCsbxLU5GFwH79_19capability_security5testss_34revoked_token_logs_denied_in_audit0B5_
FNDA:3,_RNCNvNtCsbxLU5GFwH79_19capability_security5testss_34revoked_token_logs_denied_in_audits_0B5_
FNDA:7,_RNCNvMCsbxLU5GFwH79_19capability_securityNtB4_25CapabilitySecurityManager11issue_token0B4_
FNDA:0,_RNvMCsbxLU5GFwH79_19capability_securityNtB2_25CapabilitySecurityManager15with_rate_limit
FNDA:0,_RNvMCsbxLU5GFwH79_19capability_securityNtB2_25CapabilitySecurityManager3new
FNDA:0,_RNvXs_CsbxLU5GFwH79_19capability_securityNtB4_25CapabilitySecurityManagerNtNtCs13ARFDxRLcQ_4core7default7Default7default
FNF:25
FNH:24
DA:69,32
DA:70,32
DA:71,1024
DA:72,1024
DA:73,1024
DA:74,32
DA:75,32
DA:80,36
DA:81,36
DA:82,36
DA:85,36
DA:86,36
DA:87,36
DA:88,36
DA:89,36
DA:90,36
DA:91,36
DA:92,36
DA:93,36
DA:94,36
DA:95,36
DA:96,36
DA:100,12
DA:101,12
DA:102,12
DA:105,15
DA:106,15
DA:107,15
DA:108,15
DA:109,15
DA:110,15
DA:111,15
DA:112,15
DA:113,15
DA:114,15
DA:115,15
DA:116,15
DA:121,27
DA:122,27
DA:123,27
DA:124,27
DA:125,27
DA:126,27
DA:127,27
DA:128,0
DA:129,0
DA:130,0
DA:131,27
DA:132,0
DA:133,27
DA:134,27
DA:136,27
DA:137,27
DA:138,27
DA:139,26
DA:140,2
DA:141,2
DA:142,24
DA:143,26
DA:144,26
DA:145,26
DA:146,26
DA:147,26
DA:148,27
DA:152,6
DA:153,6
DA:154,6
DA:155,6
DA:156,6
DA:157,6
DA:158,6
DA:159,6
DA:160,6
DA:161,0
DA:162,6
DA:163,6
DA:164,6
DA:168,10057
DA:169,10057
DA:170,10057
DA:171,10057
DA:172,10057
DA:173,10057
DA:177,1
DA:178,1
DA:179,1
DA:180,1
DA:181,1
DA:182,1
DA:186,10020
DA:187,10020
DA:188,10019
DA:189,10015
DA:190,10015
DA:191,10015
DA:192,10020
DA:193,10010
DA:195,10
DA:197,10020
DA:198,10020
DA:199,10020
DA:201,10020
DA:202,10000
DA:203,10000
DA:204,10000
DA:205,20
DA:206,10020
DA:207,10020
DA:211,28
DA:212,28
DA:213,28
DA:214,28
DA:215,28
DA:216,28
DA:217,28
DA:218,28
DA:219,28
DA:220,0
DA:221,0
DA:222,0
DA:223,0
DA:227,28
DA:228,2
DA:229,2
DA:230,2
DA:231,2
DA:232,0
DA:233,0
DA:234,0
DA:235,2
DA:236,2
DA:237,26
DA:240,26
DA:241,10
DA:242,10
DA:243,10
DA:244,10
DA:245,0
DA:246,0
DA:247,0
DA:248,10
DA:249,10
DA:250,16
DA:252,16
DA:253,16
DA:254,13
DA:256,3
DA:258,16
DA:259,16
DA:260,16
DA:262,16
DA:263,1
DA:264,1
DA:265,1
DA:266,1
DA:267,0
DA:268,1
DA:269,15
DA:270,16
DA:271,28
DA:275,8
DA:276,8
DA:277,8
DA:278,8
DA:279,8
DA:280,8
DA:281,8
DA:282,8
DA:283,8
DA:284,0
DA:285,0
DA:286,0
DA:287,0
DA:288,0
DA:289,0
DA:290,0
DA:291,0
DA:295,8
DA:296,2
DA:297,2
DA:298,2
DA:299,2
DA:300,0
DA:301,0
DA:302,2
DA:303,2
DA:304,6
DA:307,6
DA:308,0
DA:309,0
DA:310,0
DA:311,0
DA:312,0
DA:313,0
DA:314,0
DA:315,0
DA:316,6
DA:318,6
DA:319,6
DA:320,4
DA:321,2
DA:323,6
DA:324,6
DA:325,6
DA:327,6
DA:328,1
DA:329,1
DA:330,1
DA:331,0
DA:333,1
DA:334,5
DA:335,6
DA:336,8
DA:340,6
DA:341,6
DA:342,6
DA:347,0
DA:348,0
DA:349,0
DA:360,1
DA:361,1
DA:362,1
DA:363,1
DA:364,1
DA:366,1
DA:367,1
DA:368,1
DA:369,1
DA:372,1
DA:373,1
DA:374,1
DA:376,1
DA:377,1
DA:378,1
DA:379,1
DA:381,1
DA:382,1
DA:383,1
DA:384,1
DA:386,1
DA:387,1
DA:388,1
DA:389,1
DA:392,1
DA:393,1
DA:394,1
DA:397,1
DA:398,1
DA:399,1
DA:400,1
DA:401,1
DA:402,1
DA:403,1
DA:404,1
DA:405,1
DA:406,1
DA:407,1
DA:409,1
DA:410,1
DA:411,1
DA:413,1
DA:414,1
DA:415,1
DA:416,1
DA:418,1
DA:419,1
DA:420,1
DA:421,1
DA:423,1
DA:424,1
DA:425,1
DA:426,1
DA:429,1
DA:430,1
DA:431,1
DA:434,1
DA:435,1
DA:436,1
DA:437,1
DA:438,1
DA:440,1
DA:441,1
DA:442,1
DA:443,1
DA:446,1
DA:447,1
DA:448,1
DA:449,1
DA:450,1
DA:451,1
DA:452,1
DA:454,1
DA:455,1
DA:456,1
DA:457,1
DA:460,1
DA:461,1
DA:464,1
DA:465,1
DA:466,1
DA:467,1
DA:468,1
DA:470,1
DA:471,1
DA:472,1
DA:473,1
DA:476,1
DA:477,1
DA:478,1
DA:480,1
DA:481,1
DA:482,1
DA:483,1
DA:485,1
DA:486,1
DA:487,1
DA:488,1
DA:490,1
DA:491,1
DA:492,1
DA:493,1
DA:496,1
DA:497,1
DA:500,1
DA:501,1
DA:502,1
DA:503,1
DA:505,1
DA:506,1
DA:508,1
DA:509,1
DA:510,1
DA:511,1
DA:514,1
DA:515,1
DA:519,1
DA:520,1
DA:523,1
DA:524,1
DA:525,1
DA:526,1
DA:527,1
DA:529,1
DA:530,1
DA:531,1
DA:532,1
DA:535,1
DA:536,1
DA:537,1
DA:540,1
DA:541,1
DA:542,1
DA:543,1
DA:545,1
DA:546,1
DA:547,1
DA:548,1
DA:550,1
DA:551,1
DA:552,1
DA:553,1
DA:558,1
DA:559,1
DA:560,1
DA:563,1
DA:564,1
DA:565,1
DA:566,1
DA:568,1
DA:569,1
DA:570,1
DA:571,1
DA:573,1
DA:574,1
DA:575,1
DA:576,1
DA:580,1
DA:581,1
DA:584,1
DA:585,1
DA:586,1
DA:587,1
DA:590,1
DA:591,1
DA:593,1
DA:594,1
DA:597,1
DA:598,1
DA:599,1
DA:600,1
DA:601,1
DA:603,1
DA:604,1
DA:605,1
DA:606,1
DA:609,1
DA:610,1
DA:611,1
DA:612,1
DA:615,1
DA:616,1
DA:617,1
DA:618,1
DA:619,3
DA:620,1
DA:621,1
DA:622,1
DA:626,1
DA:627,1
DA:628,3
DA:629,1
DA:630,1
DA:631,1
DA:636,1
DA:637,1
BRF:0
BRH:0
LF:418
LH:378
end_of_record
SF:/home/lokis/Documents/AI-Native-Kernel/crates/capability-security/src/metrics.rs
FN:26,_RNvMNtCs2FiXohbFBIi_19capability_security7metricsNtB2_15SecurityMetrics8register
FN:73,_RNvNtCs2FiXohbFBIi_19capability_security7metrics14render_metrics
FN:80,_RNCNvNtCs2FiXohbFBIi_19capability_security7metrics14render_metrics0B5_
FN:26,_RNvMNtCsbxLU5GFwH79_19capability_security7metricsNtB2_15SecurityMetrics8register
FN:73,_RNvNtCsbxLU5GFwH79_19capability_security7metrics14render_metrics
FN:80,_RNCNvNtCsbxLU5GFwH79_19capability_security7metrics14render_metrics0B5_
FN:98,_RNvNtNtCsbxLU5GFwH79_19capability_security7metrics5testss_26counter_labels_are_correct
FN:137,_RNvNtNtCsbxLU5GFwH79_19capability_security7metrics5testss_35render_output_contains_metric_names
FN:156,_RNvNtNtCsbxLU5GFwH79_19capability_security7metrics5testss_36duplicate_registration_returns_error
FN:90,_RNvNtNtCsbxLU5GFwH79_19capability_security7metrics5testss_37register_succeeds_with_fresh_registry
FNDA:43,_RNvMNtCs2FiXohbFBIi_19capability_security7metricsNtB2_15SecurityMetrics8register
FNDA:2,_RNvNtCs2FiXohbFBIi_19capability_security7metrics14render_metrics
FNDA:0,_RNCNvNtCs2FiXohbFBIi_19capability_security7metrics14render_metrics0B5_
FNDA:13,_RNvMNtCsbxLU5GFwH79_19capability_security7metricsNtB2_15SecurityMetrics8register
FNDA:1,_RNvNtCsbxLU5GFwH79_19capability_security7metrics14render_metrics
FNDA:0,_RNCNvNtCsbxLU5GFwH79_19capability_security7metrics14render_metrics0B5_
FNDA:1,_RNvNtNtCsbxLU5GFwH79_19capability_security7metrics5testss_26counter_labels_are_correct
FNDA:1,_RNvNtNtCsbxLU5GFwH79_19capability_security7metrics5testss_35render_output_contains_metric_names
FNDA:1,_RNvNtNtCsbxLU5GFwH79_19capability_security7metrics5testss_36duplicate_registration_returns_error
FNDA:1,_RNvNtNtCsbxLU5GFwH79_19capability_security7metrics5testss_37register_succeeds_with_fresh_registry
FNF:7
FNH:6
DA:26,56
DA:28,56
DA:31,0
DA:34,56
DA:35,56
DA:39,56
DA:40,0
DA:43,56
DA:46,0
DA:49,56
DA:52,0
DA:55,56
DA:56,12
DA:57,12
DA:58,12
DA:60,12
DA:61,12
DA:62,12
DA:63,12
DA:64,12
DA:65,12
DA:66,56
DA:73,3
DA:75,3
DA:76,3
DA:77,3
DA:78,3
DA:79,3
DA:80,3
DA:81,3
DA:82,3
DA:90,1
DA:92,1
DA:93,1
DA:94,1
DA:95,1
DA:98,1
DA:100,1
DA:101,1
DA:104,1
DA:105,1
DA:106,1
DA:107,1
DA:108,1
DA:109,1
DA:110,1
DA:111,1
DA:112,1
DA:113,1
DA:114,1
DA:115,1
DA:118,1
DA:119,1
DA:120,1
DA:121,1
DA:122,1
DA:126,1
DA:127,1
DA:128,1
DA:129,1
DA:130,1
DA:134,1
DA:137,1
DA:139,1
DA:140,1
DA:141,1
DA:142,1
DA:144,1
DA:145,1
DA:146,1
DA:149,1
DA:150,1
DA:153,1
DA:156,1
DA:158,1
DA:159,1
DA:160,1
DA:161,1
DA:162,1
BRF:0
BRH:0
LF:80
LH:75
end_of_record
SF:/home/lokis/Documents/AI-Native-Kernel/crates/capability-security/src/policy.rs
FN:27,_RNvMNtCs2FiXohbFBIi_19capability_security6policyNtB2_12PolicyEngine3new
FN:58,_RNvMNtCs2FiXohbFBIi_19capability_security6policyNtB2_12PolicyEngine8decision
[...]
FN:264,_RNvXs2_NtCseLUTM0PnGP2_16kernel_companion13observabilityNtB5_12EventVisitorNtNtCsj4LBVRCbCBd_12tracing_core5field5Visit11record_bool
FN:276,_RNvXs2_NtCseLUTM0PnGP2_16kernel_companion13observabilityNtB5_12EventVisitorNtNtCsj4LBVRCbCBd_12tracing_core5field5Visit12record_debug
FN:286,_RNvNtNtCseLUTM0PnGP2_16kernel_companion13observability5testss_34register_and_render_kernel_metrics
FN:131,_RNCNvNtCseLUTM0PnGP2_16kernel_companion13observability14kernel_metrics0B5_
FN:108,_RNvMNtCseLUTM0PnGP2_16kernel_companion13observabilityNtB2_13KernelMetrics15set_active_mode
FN:92,_RNvMNtCseLUTM0PnGP2_16kernel_companion13observabilityNtB2_13KernelMetrics19record_lsm_decision
FN:122,_RNvMNtCseLUTM0PnGP2_16kernel_companion13observabilityNtB2_13KernelMetrics19record_syscall_drop
FN:116,_RNvMNtCseLUTM0PnGP2_16kernel_companion13observabilityNtB2_13KernelMetrics20record_syscall_event
FN:98,_RNvMNtCseLUTM0PnGP2_16kernel_companion13observabilityNtB2_13KernelMetrics20set_blocked_syscalls
FN:102,_RNvMNtCseLUTM0PnGP2_16kernel_companion13observabilityNtB2_13KernelMetrics21record_attach_attempt
FN:29,_RNvMNtCseLUTM0PnGP2_16kernel_companion13observabilityNtB2_13KernelMetrics8register
FN:130,_RNvNtCseLUTM0PnGP2_16kernel_companion13observability14kernel_metrics
FNDA:2,_RNCNvNtCseVkF4WK7ytE_16kernel_companion13observability14kernel_metrics0B5_
FNDA:0,_RNCNvXs0_NtCseVkF4WK7ytE_16kernel_companion13observabilityNtB7_16SimpleSubscriberNtNtCsj4LBVRCbCBd_12tracing_core10subscriber10Subscriber5event0B9_
FNDA:3,_RNvMNtCseVkF4WK7ytE_16kernel_companion13observabilityNtB2_13KernelMetrics15set_active_mode
FNDA:10012,_RNvMNtCseVkF4WK7ytE_16kernel_companion13observabilityNtB2_13KernelMetrics19record_lsm_decision
FNDA:0,_RNvMNtCseVkF4WK7ytE_16kernel_companion13observabilityNtB2_13KernelMetrics19record_syscall_drop
FNDA:10012,_RNvMNtCseVkF4WK7ytE_16kernel_companion13observabilityNtB2_13KernelMetrics20record_syscall_event
FNDA:0,_RNvMNtCseVkF4WK7ytE_16kernel_companion13observabilityNtB2_13KernelMetrics20set_blocked_syscalls
FNDA:3,_RNvMNtCseVkF4WK7ytE_16kernel_companion13observabilityNtB2_13KernelMetrics21record_attach_attempt
FNDA:2,_RNvMNtCseVkF4WK7ytE_16kernel_companion13observabilityNtB2_13KernelMetrics8register
FNDA:0,_RNvMs1_NtCseVkF4WK7ytE_16kernel_companion13observabilityNtB5_12EventVisitor10push_field
FNDA:0,_RNvMs1_NtCseVkF4WK7ytE_16kernel_companion13observabilityNtB5_12EventVisitor13render_suffix
FNDA:0,_RNvMs_NtCseVkF4WK7ytE_16kernel_companion13observabilityNtB4_16SimpleSubscriber3new
FNDA:0,_RNvNtCseVkF4WK7ytE_16kernel_companion13observability11parse_level
FNDA:0,_RNvNtCseVkF4WK7ytE_16kernel_companion13observability12init_tracing
FNDA:20030,_RNvNtCseVkF4WK7ytE_16kernel_companion13observability14kernel_metrics
FNDA:0,_RNvXs0_NtCseVkF4WK7ytE_16kernel_companion13observabilityNtB5_16SimpleSubscriberNtNtCsj4LBVRCbCBd_12tracing_core10subscriber10Subscriber10clone_span
FNDA:0,_RNvXs0_NtCseVkF4WK7ytE_16kernel_companion13observabilityNtB5_16SimpleSubscriberNtNtCsj4LBVRCbCBd_12tracing_core10subscriber10Subscriber14max_level_hint
FNDA:0,_RNvXs0_NtCseVkF4WK7ytE_16kernel_companion13observabilityNtB5_16SimpleSubscriberNtNtCsj4LBVRCbCBd_12tracing_core10subscriber10Subscriber17register_callsite
FNDA:0,_RNvXs0_NtCseVkF4WK7ytE_16kernel_companion13observabilityNtB5_16SimpleSubscriberNtNtCsj4LBVRCbCBd_12tracing_core10subscriber10Subscriber19record_follows_from
FNDA:0,_RNvXs0_NtCseVkF4WK7ytE_16kernel_companion13observabilityNtB5_16SimpleSubscriberNtNtCsj4LBVRCbCBd_12tracing_core10subscriber10Subscriber4exit
FNDA:0,_RNvXs0_NtCseVkF4WK7ytE_16kernel_companion13observabilityNtB5_16SimpleSubscriberNtNtCsj4LBVRCbCBd_12tracing_core10subscriber10Subscriber5enter
FNDA:0,_RNvXs0_NtCseVkF4WK7ytE_16kernel_companion13observabilityNtB5_16SimpleSubscriberNtNtCsj4LBVRCbCBd_12tracing_core10subscriber10Subscriber5event
FNDA:0,_RNvXs0_NtCseVkF4WK7ytE_16kernel_companion13observabilityNtB5_16SimpleSubscriberNtNtCsj4LBVRCbCBd_12tracing_core10subscriber10Subscriber6record
FNDA:0,_RNvXs0_NtCseVkF4WK7ytE_16kernel_companion13observabilityNtB5_16SimpleSubscriberNtNtCsj4LBVRCbCBd_12tracing_core10subscriber10Subscriber7enabled
FNDA:0,_RNvXs0_NtCseVkF4WK7ytE_16kernel_companion13observabilityNtB5_16SimpleSubscriberNtNtCsj4LBVRCbCBd_12tracing_core10subscriber10Subscriber8new_span
FNDA:0,_RNvXs0_NtCseVkF4WK7ytE_16kernel_companion13observabilityNtB5_16SimpleSubscriberNtNtCsj4LBVRCbCBd_12tracing_core10subscriber10Subscriber9try_close
FNDA:0,_RNvXs2_NtCseVkF4WK7ytE_16kernel_companion13observabilityNtB5_12EventVisitorNtNtCsj4LBVRCbCBd_12tracing_core5field5Visit10record_i64
FNDA:0,_RNvXs2_NtCseVkF4WK7ytE_16kernel_companion13observabilityNtB5_12EventVisitorNtNtCsj4LBVRCbCBd_12tracing_core5field5Visit10record_str
FNDA:0,_RNvXs2_NtCseVkF4WK7ytE_16kernel_companion13observabilityNtB5_12EventVisitorNtNtCsj4LBVRCbCBd_12tracing_core5field5Visit10record_u64
FNDA:0,_RNvXs2_NtCseVkF4WK7ytE_16kernel_companion13observabilityNtB5_12EventVisitorNtNtCsj4LBVRCbCBd_12tracing_core5field5Visit11record_bool
FNDA:0,_RNvXs2_NtCseVkF4WK7ytE_16kernel_companion13observabilityNtB5_12EventVisitorNtNtCsj4LBVRCbCBd_12tracing_core5field5Visit12record_debug
FNDA:0,_RNCNvXs0_NtCseLUTM0PnGP2_16kernel_companion13observabilityNtB7_16SimpleSubscriberNtNtCsj4LBVRCbCBd_12tracing_core10subscriber10Subscriber5event0B9_
FNDA:0,_RNvMs1_NtCseLUTM0PnGP2_16kernel_companion13observabilityNtB5_12EventVisitor10push_field
FNDA:0,_RNvMs1_NtCseLUTM0PnGP2_16kernel_companion13observabilityNtB5_12EventVisitor13render_suffix
FNDA:0,_RNvMs_NtCseLUTM0PnGP2_16kernel_companion13observabilityNtB4_16SimpleSubscriber3new
FNDA:0,_RNvNtCseLUTM0PnGP2_16kernel_companion13observability11parse_level
FNDA:0,_RNvNtCseLUTM0PnGP2_16kernel_companion13observability12init_tracing
FNDA:0,_RNvXs0_NtCseLUTM0PnGP2_16kernel_companion13observabilityNtB5_16SimpleSubscriberNtNtCsj4LBVRCbCBd_12tracing_core10subscriber10Subscriber10clone_span
FNDA:0,_RNvXs0_NtCseLUTM0PnGP2_16kernel_companion13observabilityNtB5_16SimpleSubscriberNtNtCsj4LBVRCbCBd_12tracing_core10subscriber10Subscriber14max_level_hint
FNDA:0,_RNvXs0_NtCseLUTM0PnGP2_16kernel_companion13observabilityNtB5_16SimpleSubscriberNtNtCsj4LBVRCbCBd_12tracing_core10subscriber10Subscriber17register_callsite
FNDA:0,_RNvXs0_NtCseLUTM0PnGP2_16kernel_companion13observabilityNtB5_16SimpleSubscriberNtNtCsj4LBVRCbCBd_12tracing_core10subscriber10Subscriber19record_follows_from
FNDA:0,_RNvXs0_NtCseLUTM0PnGP2_16kernel_companion13observabilityNtB5_16SimpleSubscriberNtNtCsj4LBVRCbCBd_12tracing_core10subscriber10Subscriber4exit
FNDA:0,_RNvXs0_NtCseLUTM0PnGP2_16kernel_companion13observabilityNtB5_16SimpleSubscriberNtNtCsj4LBVRCbCBd_12tracing_core10subscriber10Subscriber5enter
FNDA:0,_RNvXs0_NtCseLUTM0PnGP2_16kernel_companion13observabilityNtB5_16SimpleSubscriberNtNtCsj4LBVRCbCBd_12tracing_core10subscriber10Subscriber5event
FNDA:0,_RNvXs0_NtCseLUTM0PnGP2_16kernel_companion13observabilityNtB5_16SimpleSubscriberNtNtCsj4LBVRCbCBd_12tracing_core10subscriber10Subscriber6record
FNDA:0,_RNvXs0_NtCseLUTM0PnGP2_16kernel_companion13observabilityNtB5_16SimpleSubscriberNtNtCsj4LBVRCbCBd_12tracing_core10subscriber10Subscriber7enabled
FNDA:0,_RNvXs0_NtCseLUTM0PnGP2_16kernel_companion13observabilityNtB5_16SimpleSubscriberNtNtCsj4LBVRCbCBd_12tracing_core10subscriber10Subscriber8new_span
FNDA:0,_RNvXs0_NtCseLUTM0PnGP2_16kernel_companion13observabilityNtB5_16SimpleSubscriberNtNtCsj4LBVRCbCBd_12tracing_core10subscriber10Subscriber9try_close
FNDA:0,_RNvXs2_NtCseLUTM0PnGP2_16kernel_companion13observabilityNtB5_12EventVisitorNtNtCsj4LBVRCbCBd_12tracing_core5field5Visit10record_i64
FNDA:0,_RNvXs2_NtCseLUTM0PnGP2_16kernel_companion13observabilityNtB5_12EventVisitorNtNtCsj4LBVRCbCBd_12tracing_core5field5Visit10record_str
FNDA:0,_RNvXs2_NtCseLUTM0PnGP2_16kernel_companion13observabilityNtB5_12EventVisitorNtNtCsj4LBVRCbCBd_12tracing_core5field5Visit10record_u64
FNDA:0,_RNvXs2_NtCseLUTM0PnGP2_16kernel_companion13observabilityNtB5_12EventVisitorNtNtCsj4LBVRCbCBd_12tracing_core5field5Visit11record_bool
FNDA:0,_RNvXs2_NtCseLUTM0PnGP2_16kernel_companion13observabilityNtB5_12EventVisitorNtNtCsj4LBVRCbCBd_12tracing_core5field5Visit12record_debug
FNDA:1,_RNvNtNtCseLUTM0PnGP2_16kernel_companion13observability5testss_34register_and_render_kernel_metrics
FNDA:1,_RNCNvNtCseLUTM0PnGP2_16kernel_companion13observability14kernel_metrics0B5_
FNDA:7,_RNvMNtCseLUTM0PnGP2_16kernel_companion13observabilityNtB2_13KernelMetrics15set_active_mode
FNDA:47,_RNvMNtCseLUTM0PnGP2_16kernel_companion13observabilityNtB2_13KernelMetrics19record_lsm_decision
FNDA:1,_RNvMNtCseLUTM0PnGP2_16kernel_companion13observabilityNtB2_13KernelMetrics19record_syscall_drop
FNDA:22,_RNvMNtCseLUTM0PnGP2_16kernel_companion13observabilityNtB2_13KernelMetrics20record_syscall_event
FNDA:1,_RNvMNtCseLUTM0PnGP2_16kernel_companion13observabilityNtB2_13KernelMetrics20set_blocked_syscalls
FNDA:7,_RNvMNtCseLUTM0PnGP2_16kernel_companion13observabilityNtB2_13KernelMetrics21record_attach_attempt
FNDA:2,_RNvMNtCseLUTM0PnGP2_16kernel_companion13observabilityNtB2_13KernelMetrics8register
FNDA:85,_RNvNtCseLUTM0PnGP2_16kernel_companion13observability14kernel_metrics
FNF:32
FNH:10
DA:29,4
DA:30,4
DA:31,4
DA:35,4
DA:36,0
DA:38,4
DA:41,0
DA:43,4
DA:44,4
DA:48,4
DA:49,0
DA:51,4
DA:52,4
DA:56,4
DA:57,0
DA:59,4
DA:60,4
DA:64,4
DA:65,0
DA:67,4
DA:68,4
DA:72,4
DA:73,0
DA:75,4
DA:76,4
DA:77,4
DA:78,4
DA:79,4
DA:80,4
DA:82,4
DA:83,4
DA:84,4
DA:85,4
DA:86,4
DA:87,4
DA:88,4
DA:89,4
DA:90,4
DA:92,10059
DA:93,10059
DA:94,10059
DA:95,10059
DA:96,10059
DA:98,1
DA:99,1
DA:100,1
DA:102,10
DA:103,10
DA:104,10
DA:105,10
DA:106,10
DA:108,10
DA:109,20
DA:110,20
DA:111,20
DA:112,20
DA:114,10
DA:116,10034
DA:117,10034
DA:118,10034
DA:119,10034
DA:120,10034
DA:122,1
DA:123,1
DA:124,1
DA:125,1
DA:126,1
DA:130,20115
DA:131,20115
DA:132,3
DA:133,3
DA:134,3
DA:135,20115
DA:137,0
DA:138,0
DA:139,0
DA:140,0
DA:142,0
DA:143,0
DA:145,0
DA:146,0
DA:148,0
DA:149,0
DA:150,0
DA:153,0
DA:155,0
DA:156,0
DA:157,0
DA:158,0
DA:159,0
DA:160,0
DA:161,0
DA:163,0
DA:171,0
DA:172,0
DA:173,0
DA:174,0
DA:175,0
DA:176,0
DA:180,0
DA:181,0
DA:182,0
DA:184,0
DA:185,0
DA:186,0
DA:188,0
DA:190,0
DA:192,0
DA:193,0
DA:194,0
DA:195,0
DA:196,0
DA:198,0
DA:199,0
DA:201,0
DA:202,0
DA:203,0
DA:204,0
DA:205,0
DA:206,0
DA:207,0
DA:209,0
DA:210,0
DA:211,0
DA:213,0
DA:215,0
DA:217,0
DA:219,0
DA:220,0
DA:221,0
DA:223,0
DA:224,0
DA:225,0
DA:227,0
DA:228,0
DA:229,0
DA:231,0
DA:233,0
DA:235,0
DA:236,0
DA:237,0
DA:246,0
DA:247,0
DA:248,0
DA:250,0
DA:251,0
DA:252,0
DA:254,0
DA:256,0
DA:260,0
DA:261,0
DA:262,0
DA:264,0
DA:265,0
DA:266,0
DA:268,0
DA:269,0
DA:270,0
DA:272,0
DA:273,0
DA:274,0
DA:276,0
DA:277,0
DA:278,0
DA:286,1
DA:287,1
DA:288,1
DA:290,1
DA:291,1
DA:292,1
DA:293,1
DA:294,1
DA:295,1
DA:297,1
DA:298,1
DA:299,1
DA:300,1
DA:301,1
DA:302,1
DA:303,1
DA:304,1
BRF:0
BRH:0
LF:183
LH:85
end_of_record
SF:/home/lokis/Documents/AI-Native-Kernel/crates/kernel-companion/src/uds.rs
FN:128,_RNCNCNCNCNvNtCseVkF4WK7ytE_16kernel_companion3uds16start_uds_server00s_00Bb_
FN:130,_RNCNCNCNCNvNtCseVkF4WK7ytE_16kernel_companion3uds16start_uds_server00s_0s0_0Bb_
FN:129,_RNCNCNCNCNvNtCseVkF4WK7ytE_16kernel_companion3uds16start_uds_server00s_0s_0Bb_
FN:53,_RNCNCNCNvNtCseVkF4WK7ytE_16kernel_companion3uds16start_uds_server00s_0B9_
FN:35,_RNCNCNvNtCseVkF4WK7ytE_16kernel_companion3uds16start_uds_server00B7_
FN:23,_RNCNvNtCseVkF4WK7ytE_16kernel_companion3uds16start_uds_server0B5_
FN:15,_RNvNtCseVkF4WK7ytE_16kernel_companion3uds16start_uds_server
FN:128,_RNCNCNCNCNvNtCseLUTM0PnGP2_16kernel_companion3uds16start_uds_server00s_00Bb_
FN:130,_RNCNCNCNCNvNtCseLUTM0PnGP2_16kernel_companion3uds16start_uds_server00s_0s0_0Bb_
FN:129,_RNCNCNCNCNvNtCseLUTM0PnGP2_16kernel_companion3uds16start_uds_server00s_0s_0Bb_
FN:53,_RNCNCNCNvNtCseLUTM0PnGP2_16kernel_companion3uds16start_uds_server00s_0B9_
FN:35,_RNCNCNvNtCseLUTM0PnGP2_16kernel_companion3uds16start_uds_server00B7_
FN:23,_RNCNvNtCseLUTM0PnGP2_16kernel_companion3uds16start_uds_server0B5_
FN:251,_RNCNvNtNtCseLUTM0PnGP2_16kernel_companion3uds5tests12send_command0B7_
FN:230,_RNCNvNtNtCseLUTM0PnGP2_16kernel_companion3uds5tests16spawn_uds_server0B7_
FN:340,_RNCNvNtNtCseLUTM0PnGP2_16kernel_companion3uds5testss_27uds_list_quarantine_command0B7_
FN:373,_RNCNvNtNtCseLUTM0PnGP2_16kernel_companion3uds5testss_31uds_set_lsm_profile_without_lsm0B7_
FN:354,_RNCNvNtNtCseLUTM0PnGP2_16kernel_companion3uds5testss_31uds_set_threshold_without_tcell0B7_
FN:323,_RNCNvNtNtCseLUTM0PnGP2_16kernel_companion3uds5testss_33uds_status_command_returns_online0B7_
FN:451,_RNCNvNtNtCseLUTM0PnGP2_16kernel_companion3uds5testss_34uds_set_threshold_missing_metadata0B7_
FN:390,_RNCNvNtNtCseLUTM0PnGP2_16kernel_companion3uds5testss_36uds_unknown_command_publishes_to_bus0B7_
FN:271,_RNCNvNtNtCseLUTM0PnGP2_16kernel_companion3uds5testss_37test_uds_server_lifecycle_and_publish0B7_
FN:422,_RNCNvNtNtCseLUTM0PnGP2_16kernel_companion3uds5testss_39uds_non_command_intent_publishes_to_bus0B7_
FN:15,_RNvNtCseLUTM0PnGP2_16kernel_companion3uds16start_uds_server
FN:247,_RNvNtNtCseLUTM0PnGP2_16kernel_companion3uds5tests12send_command
FN:230,_RNvNtNtCseLUTM0PnGP2_16kernel_companion3uds5tests16spawn_uds_server
FN:340,_RNvNtNtCseLUTM0PnGP2_16kernel_companion3uds5testss_27uds_list_quarantine_command
FN:373,_RNvNtNtCseLUTM0PnGP2_16kernel_companion3uds5testss_31uds_set_lsm_profile_without_lsm
FN:354,_RNvNtNtCseLUTM0PnGP2_16kernel_companion3uds5testss_31uds_set_threshold_without_tcell
FN:323,_RNvNtNtCseLUTM0PnGP2_16kernel_companion3uds5testss_33uds_status_command_returns_online
FN:451,_RNvNtNtCseLUTM0PnGP2_16kernel_companion3uds5testss_34uds_set_threshold_missing_metadata
FN:390,_RNvNtNtCseLUTM0PnGP2_16kernel_companion3uds5testss_36uds_unknown_command_publishes_to_bus
FN:271,_RNvNtNtCseLUTM0PnGP2_16kernel_companion3uds5testss_37test_uds_server_lifecycle_and_publish
FN:422,_RNvNtNtCseLUTM0PnGP2_16kernel_companion3uds5testss_39uds_non_command_intent_publishes_to_bus
FNDA:0,_RNCNCNCNCNvNtCseVkF4WK7ytE_16kernel_companion3uds16start_uds_server00s_00Bb_
FNDA:0,_RNCNCNCNCNvNtCseVkF4WK7ytE_16kernel_companion3uds16start_uds_server00s_0s0_0Bb_
FNDA:0,_RNCNCNCNCNvNtCseVkF4WK7ytE_16kernel_companion3uds16start_uds_server00s_0s_0Bb_
FNDA:0,_RNCNCNCNvNtCseVkF4WK7ytE_16kernel_companion3uds16start_uds_server00s_0B9_
FNDA:0,_RNCNCNvNtCseVkF4WK7ytE_16kernel_companion3uds16start_uds_server00B7_
FNDA:0,_RNCNvNtCseVkF4WK7ytE_16kernel_companion3uds16start_uds_server0B5_
FNDA:0,_RNvNtCseVkF4WK7ytE_16kernel_companion3uds16start_uds_server
FNDA:1,_RNCNCNCNCNvNtCseLUTM0PnGP2_16kernel_companion3uds16start_uds_server00s_00Bb_
FNDA:0,_RNCNCNCNCNvNtCseLUTM0PnGP2_16kernel_companion3uds16start_uds_server00s_0s0_0Bb_
FNDA:2,_RNCNCNCNCNvNtCseLUTM0PnGP2_16kernel_companion3uds16start_uds_server00s_0s_0Bb_
FNDA:8,_RNCNCNCNvNtCseLUTM0PnGP2_16kernel_companion3uds16start_uds_server00s_0B9_
FNDA:8,_RNCNCNvNtCseLUTM0PnGP2_16kernel_companion3uds16start_uds_server00B7_
FNDA:10,_RNCNvNtCseLUTM0PnGP2_16kernel_companion3uds16start_uds_server0B5_
FNDA:5,_RNCNvNtNtCseLUTM0PnGP2_16kernel_companion3uds5tests12send_command0B7_
FNDA:7,_RNCNvNtNtCseLUTM0PnGP2_16kernel_companion3uds5tests16spawn_uds_server0B7_
FNDA:1,_RNCNvNtNtCseLUTM0PnGP2_16kernel_companion3uds5testss_27uds_list_quarantine_command0B7_
FNDA:1,_RNCNvNtNtCseLUTM0PnGP2_16kernel_companion3uds5testss_31uds_set_lsm_profile_without_lsm0B7_
FNDA:1,_RNCNvNtNtCseLUTM0PnGP2_16kernel_companion3uds5testss_31uds_set_threshold_without_tcell0B7_
FNDA:1,_RNCNvNtNtCseLUTM0PnGP2_16kernel_companion3uds5testss_33uds_status_command_returns_online0B7_
FNDA:1,_RNCNvNtNtCseLUTM0PnGP2_16kernel_companion3uds5testss_34uds_set_threshold_missing_metadata0B7_
FNDA:1,_RNCNvNtNtCseLUTM0PnGP2_16kernel_companion3uds5testss_36uds_unknown_command_publishes_to_bus0B7_
FNDA:1,_RNCNvNtNtCseLUTM0PnGP2_16kernel_companion3uds5testss_37test_uds_server_lifecycle_and_publish0B7_
FNDA:1,_RNCNvNtNtCseLUTM0PnGP2_16kernel_companion3uds5testss_39uds_non_command_intent_publishes_to_bus0B7_
FNDA:10,_RNvNtCseLUTM0PnGP2_16kernel_companion3uds16start_uds_server
FNDA:5,_RNvNtNtCseLUTM0PnGP2_16kernel_companion3uds5tests12send_command
FNDA:7,_RNvNtNtCseLUTM0PnGP2_16kernel_companion3uds5tests16spawn_uds_server
FNDA:1,_RNvNtNtCseLUTM0PnGP2_16kernel_companion3uds5testss_27uds_list_quarantine_command
FNDA:1,_RNvNtNtCseLUTM0PnGP2_16kernel_companion3uds5testss_31uds_set_lsm_profile_without_lsm
FNDA:1,_RNvNtNtCseLUTM0PnGP2_16kernel_companion3uds5testss_31uds_set_threshold_without_tcell
FNDA:1,_RNvNtNtCseLUTM0PnGP2_16kernel_companion3uds5testss_33uds_status_command_returns_online
FNDA:1,_RNvNtNtCseLUTM0PnGP2_16kernel_companion3uds5testss_34uds_set_threshold_missing_metadata
FNDA:1,_RNvNtNtCseLUTM0PnGP2_16kernel_companion3uds5testss_36uds_unknown_command_publishes_to_bus
FNDA:1,_RNvNtNtCseLUTM0PnGP2_16kernel_companion3uds5testss_37test_uds_server_lifecycle_and_publish
FNDA:1,_RNvNtNtCseLUTM0PnGP2_16kernel_companion3uds5testss_39uds_non_command_intent_publishes_to_bus
FNF:27
FNH:26
DA:15,10
DA:16,10
DA:17,10
DA:18,10
DA:19,10
DA:20,10
DA:21,10
DA:22,10
DA:23,10
DA:25,10
DA:27,10
DA:28,8
DA:30,8
DA:31,8
DA:32,8
DA:33,8
DA:35,8
DA:37,57
DA:38,57
DA:39,49
DA:40,8
DA:41,8
DA:42,41
DA:44,57
DA:45,8
DA:46,8
DA:47,8
DA:48,8
DA:49,8
DA:50,8
DA:51,8
DA:53,8
DA:54,8
DA:55,8
DA:56,8
DA:59,17
DA:60,17
DA:61,0
DA:63,9
DA:64,8
DA:67,8
DA:68,7
DA:70,7
DA:71,1
DA:72,1
DA:73,1
DA:74,1
DA:75,1
DA:76,1
DA:78,1
DA:79,0
DA:80,1
DA:81,1
DA:82,0
DA:83,1
DA:84,1
DA:85,0
DA:86,0
DA:87,0
DA:88,1
DA:89,1
DA:90,0
DA:91,0
DA:92,0
DA:93,0
DA:94,0
DA:95,0
DA:96,0
DA:97,0
DA:98,1
DA:100,1
DA:101,1
DA:102,1
DA:103,1
DA:104,1
DA:105,1
DA:106,1
DA:107,1
DA:109,1
DA:110,1
DA:111,1
DA:112,1
DA:114,6
DA:115,1
DA:116,1
DA:117,0
DA:118,1
DA:119,1
DA:120,1
DA:122,1
DA:123,1
DA:124,1
DA:125,1
DA:127,5
DA:128,2
DA:129,2
DA:130,2
DA:132,2
DA:133,2
DA:134,1
DA:135,0
DA:136,0
DA:137,1
DA:138,1
DA:140,2
DA:141,2
DA:142,2
DA:144,2
DA:145,2
DA:146,2
DA:147,2
DA:149,3
DA:150,1
DA:151,1
DA:152,1
DA:153,1
DA:154,1
DA:155,1
DA:157,1
DA:158,1
DA:159,0
DA:160,0
DA:161,0
DA:162,0
DA:163,0
DA:164,0
DA:165,0
DA:166,0
DA:167,0
DA:168,0
DA:169,0
DA:170,0
DA:171,0
DA:173,1
DA:174,1
DA:175,1
DA:176,0
DA:178,1
DA:179,1
DA:180,1
DA:181,1
DA:182,1
DA:183,1
DA:185,1
DA:186,1
DA:187,1
DA:188,1
DA:189,2
DA:190,1
DA:193,3
DA:194,0
DA:195,3
DA:197,1
DA:200,0
DA:201,0
DA:202,0
DA:206,0
DA:208,0
DA:209,0
DA:215,8
DA:217,8
DA:218,10
DA:230,7
DA:231,7
DA:232,7
DA:233,7
DA:234,7
DA:235,7
DA:236,7
DA:237,7
DA:238,7
DA:239,7
DA:240,7
DA:241,7
DA:242,7
DA:243,7
DA:244,7
DA:247,5
DA:248,5
DA:249,5
DA:250,5
DA:251,5
DA:252,5
DA:253,5
DA:254,5
DA:255,5
DA:256,5
DA:259,5
DA:260,5
DA:261,5
DA:262,5
DA:264,5
DA:265,5
DA:266,5
DA:267,5
DA:268,5
DA:271,1
DA:272,1
DA:273,1
DA:274,1
DA:275,1
DA:277,1
DA:278,1
DA:279,1
DA:280,1
DA:281,1
DA:282,1
DA:283,1
DA:284,1
DA:286,1
DA:288,1
DA:289,1
DA:290,1
DA:292,1
DA:294,1
DA:296,1
DA:300,1
DA:301,1
DA:302,1
DA:304,1
DA:305,1
DA:306,1
DA:307,1
DA:309,1
DA:310,1
DA:313,1
DA:314,1
DA:315,1
DA:317,1
DA:318,1
DA:319,1
DA:320,1
DA:323,1
DA:324,1
DA:325,1
DA:327,1
DA:328,1
DA:329,1
DA:330,1
DA:331,1
DA:332,1
DA:334,1
DA:335,1
DA:336,1
DA:337,1
DA:340,1
DA:341,1
DA:342,1
DA:344,1
DA:345,1
DA:346,1
DA:348,1
DA:349,1
DA:350,1
DA:351,1
DA:354,1
DA:355,1
DA:356,1
DA:358,1
DA:359,1
DA:360,1
DA:361,1
DA:362,1
DA:364,1
DA:365,1
DA:367,1
DA:368,1
DA:369,1
DA:370,1
DA:373,1
DA:374,1
DA:375,1
DA:377,1
DA:378,1
DA:379,1
DA:380,1
DA:381,1
DA:382,1
DA:384,1
DA:385,1
DA:386,1
DA:387,1
DA:390,1
DA:391,1
DA:392,1
DA:393,1
DA:396,1
DA:397,1
DA:398,1
DA:400,1
DA:402,1
DA:405,1
DA:406,1
DA:407,1
DA:408,1
DA:410,1
DA:411,1
DA:412,1
DA:413,1
DA:414,1
DA:416,1
DA:417,1
DA:418,1
DA:419,1
DA:422,1
DA:423,1
DA:424,1
DA:425,1
DA:427,1
DA:429,1
DA:431,1
DA:434,1
DA:435,1
DA:436,1
DA:438,1
DA:439,1
DA:440,1
DA:441,1
DA:442,1
DA:443,1
DA:445,1
DA:446,1
DA:447,1
DA:448,1
DA:451,1
DA:452,1
DA:453,1
DA:456,1
DA:457,1
DA:458,1
DA:459,1
DA:460,1
DA:462,1
DA:463,1
DA:464,1
DA:465,1
BRF:0
BRH:0
LF:360
LH:321
end_of_record